#
# A fatal error has been detected by the Java Runtime Environment:
#
#  EXCEPTION_ACCESS_VIOLATION (0xc0000005) at pc=0x00007ff9a17f7a16, pid=8248, tid=7264
#
# JRE version: Java(TM) SE Runtime Environment (11.0.4+10) (build 11.0.4+10-LTS)
# Java VM: Java HotSpot(TM) 64-Bit Server VM (11.0.4+10-LTS, mixed mode, tiered, compressed oops, g1 gc, windows-amd64)
# Problematic frame:
# V  [jvm.dll+0x6c7a16]
#
# No core dump will be written. Minidumps are not enabled by default on client versions of Windows
#
# If you would like to submit a bug report, please visit:
#   http://bugreport.java.com/bugreport/crash.jsp
#

---------------  S U M M A R Y ------------

Command Line: -agentlib:jdwp=transport=dt_socket,suspend=y,address=localhost:51567 -Dcom.sun.management.jmxremote -Dcom.sun.management.jmxremote.port=51482 -Dcom.sun.management.jmxremote.authenticate=false -Dcom.sun.management.jmxremote.ssl=false -Djava.rmi.server.hostname=localhost -Dspring.jmx.enabled=true -Dspring.application.admin.enabled=true -Xverify:none -XX:TieredStopAtLevel=1 -Dspring.boot.project.name=spring-boot-ionic-backend -javaagent:C:\sts-4.6.0.RELEASE\configuration\org.eclipse.osgi\245\0\.cp\lib\javaagent-shaded.jar -Dfile.encoding=UTF-8 com.isaquelourenco.cursomc.CursomcApplication --spring.output.ansi.enabled=always

Host: Pentium(R) Dual-Core  CPU      E5300  @ 2.60GHz, 2 cores, 3G,  Windows 10 , 64 bit Build 10240 (10.0.10240.16384)
Time: Thu Apr 23 01:35:49 2020 Hora oficial do Brasil elapsed time: 16 seconds (0d 0h 0m 16s)

---------------  T H R E A D  ---------------

Current thread (0x0000002bb2ee9000):  WatcherThread [stack: 0x0000002bb42d0000,0x0000002bb43d0000] [id=7264]

Stack: [0x0000002bb42d0000,0x0000002bb43d0000],  sp=0x0000002bb43cf7a0,  free space=1021k
Native frames: (J=compiled Java code, j=interpreted, Vv=VM code, C=native code)
V  [jvm.dll+0x6c7a16]
V  [jvm.dll+0x71321d]
V  [jvm.dll+0x738bd9]
V  [jvm.dll+0x634c82]
C  [ucrtbase.dll+0x682dd]
C  [KERNEL32.DLL+0x12d92]
C  [ntdll.dll+0x9f64]


siginfo: EXCEPTION_ACCESS_VIOLATION (0xc0000005), reading address 0x0000000800000007


Register to memory mapping:

RIP=0x00007ff9a17f7a16 jvm.dll
RAX=0x0000000800000007 is an unknown value
RBX=0x0 is NULL
RCX=0x0000002bb2ed95d0 points into unknown readable memory: 58 35 a0 a1 f9 7f 00 00
RDX=0x0000000000000032 is an unknown value
RSP=0x0000002bb43cf7a0 points into unknown readable memory: 00 90 ee b2 2b 00 00 00
RBP=0x0000000000000002 is an unknown value
RSI=0x0000002bb2e787d0 points into unknown readable memory: 07 00 00 00 08 00 00 00
RDI=0x0000000000000001 is an unknown value
R8 =0x0000000000000031 is an unknown value
R9 =0x0000002b9c9c0b90 is at begin+0 in a stub
StubRoutines::atomic_cmpxchg_long [0x0000002b9c9c0b90, 0x0000002b9c9c0b99[ (9 bytes)
R10=0x0 is NULL
R11=0x0000000000000287 is an unknown value
R12=0x0 is NULL
R13=0x0000002bb2ee9000 points into unknown readable memory: 58 7c a0 a1 f9 7f 00 00
R14=0x0000000000000001 is an unknown value
R15=0x0000002bb2eaa2a0 points into unknown readable memory: 00 00 00 00 00 00 00 00


Registers:
RAX=0x0000000800000007, RBX=0x0000000000000000, RCX=0x0000002bb2ed95d0, RDX=0x0000000000000032
RSP=0x0000002bb43cf7a0, RBP=0x0000000000000002, RSI=0x0000002bb2e787d0, RDI=0x0000000000000001
R8 =0x0000000000000031, R9 =0x0000002b9c9c0b90, R10=0x0000000000000000, R11=0x0000000000000287
R12=0x0000000000000000, R13=0x0000002bb2ee9000, R14=0x0000000000000001, R15=0x0000002bb2eaa2a0
RIP=0x00007ff9a17f7a16, EFLAGS=0x0000000000010246

Top of Stack: (sp=0x0000002bb43cf7a0)
0x0000002bb43cf7a0:   0000002bb2ee9000 0000002bb2ee9000
0x0000002bb43cf7b0:   000003e2118977bd 00007ff9a17387c9
0x0000002bb43cf7c0:   00007ff9a1ba3798 00007ff9a184321d
0x0000002bb43cf7d0:   0000002b946be230 0000002b946be230
0x0000002bb43cf7e0:   0000002bb2eaa2a0 431bde82d7b634db
0x0000002bb43cf7f0:   0000002bb2eaa2a0 000003e2118977bd
0x0000002bb43cf800:   0000002b946be230 00007ff9a1868bd9
0x0000002bb43cf810:   0000000000000001 0000000000000001
0x0000002bb43cf820:   0000000000000001 0000000000000002
0x0000002bb43cf830:   000000000000027f 0000000000000000
0x0000002bb43cf840:   0000000000000000 0000ffff00001f80
0x0000002bb43cf850:   0000000000000000 0000000000000000
0x0000002bb43cf860:   0000000000000000 0000000000000000
0x0000002bb43cf870:   0000000000000000 0000000000000000
0x0000002bb43cf880:   0000002bb2ec23b0 0000002bb43cfb40
0x0000002bb43cf890:   0000002bb2ee9000 00007ff9a1764c82 

Instructions: (pc=0x00007ff9a17f7a16)
0x00007ff9a17f79f6:   cc cc cc cc cc cc cc cc cc cc 48 89 5c 24 10 56
0x00007ff9a17f7a06:   48 83 ec 20 48 8b 35 47 6c 3a 00 33 db 48 8b 06
0x00007ff9a17f7a16:   39 18 7e 27 48 89 7c 24 30 8b fb 48 8b 40 18 48
0x00007ff9a17f7a26:   8b 0c 07 48 8b 01 ff 50 08 48 8b 06 48 8d 7f 08 


Stack slot to memory mapping:
stack at sp + 0 slots: 0x0000002bb2ee9000 points into unknown readable memory: 58 7c a0 a1 f9 7f 00 00
stack at sp + 1 slots: 0x0000002bb2ee9000 points into unknown readable memory: 58 7c a0 a1 f9 7f 00 00
stack at sp + 2 slots: 0x000003e2118977bd is an unknown value
stack at sp + 3 slots: 0x00007ff9a17387c9 jvm.dll
stack at sp + 4 slots: 0x00007ff9a1ba3798 jvm.dll
stack at sp + 5 slots: 0x00007ff9a184321d jvm.dll
stack at sp + 6 slots: 0x0000002b946be230 points into unknown readable memory: 01 00 00 00 00 00 00 00
stack at sp + 7 slots: 0x0000002b946be230 points into unknown readable memory: 01 00 00 00 00 00 00 00


---------------  P R O C E S S  ---------------

Threads class SMR info:
_java_thread_list=0x0000002bb2ec2170, length=15, elements={
0x0000002b946c1000, 0x0000002bb037f800, 0x0000002bb0374800, 0x0000002bb1002800,
0x0000002bb1003800, 0x0000002bb0386800, 0x0000002bb03ab800, 0x0000002bb0306000,
0x0000002bb11ea800, 0x0000002bb11f2000, 0x0000002bb11f3800, 0x0000002bb2c92800,
0x0000002bb2e77800, 0x0000002bb2dfc800, 0x0000002bb2ec9800
}

Java Threads: ( => current thread )
  0x0000002b946c1000 JavaThread "main" [_thread_in_vm, id=8140, stack(0x0000002b93d50000,0x0000002b93e50000)]
  0x0000002bb037f800 JavaThread "Reference Handler" daemon [_thread_blocked, id=3500, stack(0x0000002bb0cc0000,0x0000002bb0dc0000)]
  0x0000002bb0374800 JavaThread "Finalizer" daemon [_thread_blocked, id=3656, stack(0x0000002bb0dc0000,0x0000002bb0ec0000)]
  0x0000002bb1002800 JavaThread "Signal Dispatcher" daemon [_thread_blocked, id=7920, stack(0x0000002bb13c0000,0x0000002bb14c0000)]
  0x0000002bb1003800 JavaThread "Attach Listener" daemon [_thread_blocked, id=1320, stack(0x0000002bb14c0000,0x0000002bb15c0000)]
  0x0000002bb0386800 JavaThread "C1 CompilerThread0" daemon [_thread_in_vm, id=8040, stack(0x0000002bb15c0000,0x0000002bb16c0000)]
  0x0000002bb03ab800 JavaThread "Sweeper thread" daemon [_thread_blocked, id=8516, stack(0x0000002bb16c0000,0x0000002bb17c0000)]
  0x0000002bb0306000 JavaThread "Common-Cleaner" daemon [_thread_blocked, id=7732, stack(0x0000002bb17c0000,0x0000002bb18c0000)]
  0x0000002bb11ea800 JavaThread "JDWP Transport Listener: dt_socket" daemon [_thread_blocked, id=8012, stack(0x0000002bb1c00000,0x0000002bb1d00000)]
  0x0000002bb11f2000 JavaThread "JDWP Event Helper Thread" daemon [_thread_blocked, id=7376, stack(0x0000002bb1d00000,0x0000002bb1e00000)]
  0x0000002bb11f3800 JavaThread "JDWP Command Reader" daemon [_thread_in_native, id=5332, stack(0x0000002bb1e00000,0x0000002bb1f00000)]
  0x0000002bb2c92800 JavaThread "Service Thread" daemon [_thread_blocked, id=7092, stack(0x0000002bb38d0000,0x0000002bb39d0000)]
  0x0000002bb2e77800 JavaThread "RMI TCP Accept-0" daemon [_thread_in_native, id=8576, stack(0x0000002bb3dd0000,0x0000002bb3ed0000)]
  0x0000002bb2dfc800 JavaThread "RMI TCP Accept-51482" daemon [_thread_in_native, id=72, stack(0x0000002bb3ed0000,0x0000002bb3fd0000)]
  0x0000002bb2ec9800 JavaThread "RMI TCP Accept-0" daemon [_thread_in_native, id=6500, stack(0x0000002bb41d0000,0x0000002bb42d0000)]

Other Threads:
  0x0000002bb0345800 VMThread "VM Thread" [stack: 0x0000002bb0bc0000,0x0000002bb0cc0000] [id=8720]
=>0x0000002bb2ee9000 WatcherThread [stack: 0x0000002bb42d0000,0x0000002bb43d0000] [id=7264]
  0x0000002b946d6800 GCTaskThread "GC Thread#0" [stack: 0x0000002b94030000,0x0000002b94130000] [id=9036]
  0x0000002bb13bb000 GCTaskThread "GC Thread#1" [stack: 0x0000002bb2800000,0x0000002bb2900000] [id=3680]
  0x0000002b946f2000 ConcurrentGCThread "G1 Main Marker" [stack: 0x0000002b94540000,0x0000002b94640000] [id=7328]
  0x0000002b946f4800 ConcurrentGCThread "G1 Conc#0" [stack: 0x0000002badca0000,0x0000002badda0000] [id=8644]
  0x0000002b94730800 ConcurrentGCThread "G1 Refine#0" [stack: 0x0000002baffc0000,0x0000002bb00c0000] [id=8396]
  0x0000002b94731800 ConcurrentGCThread "G1 Young RemSet Sampling" [stack: 0x0000002bb00c0000,0x0000002bb01c0000] [id=6088]

Threads with active compile tasks:
C1 CompilerThread01170       1       org.eclipse.jdt.launching.internal.org.objectweb.asm.ByteVector::put122 (93 bytes)

VM state:not at safepoint (normal execution)

VM Mutex/Monitor currently owned by a thread:  ([mutex/lock_event])
[0x0000002b946be230] PeriodicTask_lock - owner thread: 0x0000002bb2ee9000

Heap address: 0x00000000c2000000, size: 992 MB, Compressed Oops mode: 32-bit
Narrow klass base: 0x0000000000000000, Narrow klass shift: 3
Compressed class space size: 1073741824 Address: 0x0000000100000000

Heap:
 garbage-first heap   total 63488K, used 26150K [0x00000000c2000000, 0x0000000100000000)
  region size 1024K, 10 young (10240K), 2 survivors (2048K)
 Metaspace       used 14096K, capacity 14500K, committed 14720K, reserved 1062912K
  class space    used 1446K, capacity 1599K, committed 1664K, reserved 1048576K
Heap Regions: E=young(eden), S=young(survivor), O=old, HS=humongous(starts), HC=humongous(continues), CS=collection set, F=free, A=archive, TAMS=top-at-mark-start (previous, next)
|   0|0x00000000c2000000, 0x00000000c2100000, 0x00000000c2100000|100%|HS|  |TAMS 0x00000000c2000000, 0x00000000c2000000| Complete 
|   1|0x00000000c2100000, 0x00000000c2200000, 0x00000000c2200000|100%| O|  |TAMS 0x00000000c2100000, 0x00000000c2100000| Untracked 
|   2|0x00000000c2200000, 0x00000000c2300000, 0x00000000c2300000|100%| O|  |TAMS 0x00000000c2200000, 0x00000000c2200000| Untracked 
|   3|0x00000000c2300000, 0x00000000c2400000, 0x00000000c2400000|100%| O|  |TAMS 0x00000000c2300000, 0x00000000c2300000| Untracked 
|   4|0x00000000c2400000, 0x00000000c2500000, 0x00000000c2500000|100%| O|  |TAMS 0x00000000c2400000, 0x00000000c2400000| Untracked 
|   5|0x00000000c2500000, 0x00000000c2600000, 0x00000000c2600000|100%| O|  |TAMS 0x00000000c2500000, 0x00000000c2500000| Untracked 
|   6|0x00000000c2600000, 0x00000000c2700000, 0x00000000c2700000|100%| O|  |TAMS 0x00000000c2600000, 0x00000000c2600000| Untracked 
|   7|0x00000000c2700000, 0x00000000c2800000, 0x00000000c2800000|100%| O|  |TAMS 0x00000000c2700000, 0x00000000c2700000| Untracked 
|   8|0x00000000c2800000, 0x00000000c2900000, 0x00000000c2900000|100%| O|  |TAMS 0x00000000c2800000, 0x00000000c2800000| Untracked 
|   9|0x00000000c2900000, 0x00000000c2a00000, 0x00000000c2a00000|100%| O|  |TAMS 0x00000000c2900000, 0x00000000c2900000| Untracked 
|  10|0x00000000c2a00000, 0x00000000c2b00000, 0x00000000c2b00000|100%| O|  |TAMS 0x00000000c2a00000, 0x00000000c2a00000| Untracked 
|  11|0x00000000c2b00000, 0x00000000c2c00000, 0x00000000c2c00000|100%| O|  |TAMS 0x00000000c2b00000, 0x00000000c2b00000| Untracked 
|  12|0x00000000c2c00000, 0x00000000c2d00000, 0x00000000c2d00000|100%| O|  |TAMS 0x00000000c2c00000, 0x00000000c2c00000| Untracked 
|  13|0x00000000c2d00000, 0x00000000c2e00000, 0x00000000c2e00000|100%| O|  |TAMS 0x00000000c2d00000, 0x00000000c2d00000| Untracked 
|  14|0x00000000c2e00000, 0x00000000c2f00000, 0x00000000c2f00000|100%| O|  |TAMS 0x00000000c2e00000, 0x00000000c2e00000| Untracked 
|  15|0x00000000c2f00000, 0x00000000c3000000, 0x00000000c3000000|100%| O|  |TAMS 0x00000000c2f00000, 0x00000000c2f00000| Untracked 
|  16|0x00000000c3000000, 0x00000000c3089a00, 0x00000000c3100000| 53%| O|  |TAMS 0x00000000c3000000, 0x00000000c3000000| Untracked 
|  17|0x00000000c3100000, 0x00000000c3100000, 0x00000000c3200000|  0%| F|  |TAMS 0x00000000c3100000, 0x00000000c3100000| Untracked 
|  18|0x00000000c3200000, 0x00000000c3200000, 0x00000000c3300000|  0%| F|  |TAMS 0x00000000c3200000, 0x00000000c3200000| Untracked 
|  19|0x00000000c3300000, 0x00000000c3300000, 0x00000000c3400000|  0%| F|  |TAMS 0x00000000c3300000, 0x00000000c3300000| Untracked 
|  20|0x00000000c3400000, 0x00000000c3400000, 0x00000000c3500000|  0%| F|  |TAMS 0x00000000c3400000, 0x00000000c3400000| Untracked 
|  21|0x00000000c3500000, 0x00000000c3500000, 0x00000000c3600000|  0%| F|  |TAMS 0x00000000c3500000, 0x00000000c3500000| Untracked 
|  22|0x00000000c3600000, 0x00000000c3600000, 0x00000000c3700000|  0%| F|  |TAMS 0x00000000c3600000, 0x00000000c3600000| Untracked 
|  23|0x00000000c3700000, 0x00000000c3700000, 0x00000000c3800000|  0%| F|  |TAMS 0x00000000c3700000, 0x00000000c3700000| Untracked 
|  24|0x00000000c3800000, 0x00000000c3800000, 0x00000000c3900000|  0%| F|  |TAMS 0x00000000c3800000, 0x00000000c3800000| Untracked 
|  25|0x00000000c3900000, 0x00000000c3900000, 0x00000000c3a00000|  0%| F|  |TAMS 0x00000000c3900000, 0x00000000c3900000| Untracked 
|  26|0x00000000c3a00000, 0x00000000c3a00000, 0x00000000c3b00000|  0%| F|  |TAMS 0x00000000c3a00000, 0x00000000c3a00000| Untracked 
|  27|0x00000000c3b00000, 0x00000000c3b00000, 0x00000000c3c00000|  0%| F|  |TAMS 0x00000000c3b00000, 0x00000000c3b00000| Untracked 
|  28|0x00000000c3c00000, 0x00000000c3c00000, 0x00000000c3d00000|  0%| F|  |TAMS 0x00000000c3c00000, 0x00000000c3c00000| Untracked 
|  29|0x00000000c3d00000, 0x00000000c3d00000, 0x00000000c3e00000|  0%| F|  |TAMS 0x00000000c3d00000, 0x00000000c3d00000| Untracked 
|  30|0x00000000c3e00000, 0x00000000c3e00000, 0x00000000c3f00000|  0%| F|  |TAMS 0x00000000c3e00000, 0x00000000c3e00000| Untracked 
|  31|0x00000000c3f00000, 0x00000000c3f00000, 0x00000000c4000000|  0%| F|  |TAMS 0x00000000c3f00000, 0x00000000c3f00000| Untracked 
|  32|0x00000000c4000000, 0x00000000c4000000, 0x00000000c4100000|  0%| F|  |TAMS 0x00000000c4000000, 0x00000000c4000000| Untracked 
|  33|0x00000000c4100000, 0x00000000c4100000, 0x00000000c4200000|  0%| F|  |TAMS 0x00000000c4100000, 0x00000000c4100000| Untracked 
|  34|0x00000000c4200000, 0x00000000c4200000, 0x00000000c4300000|  0%| F|  |TAMS 0x00000000c4200000, 0x00000000c4200000| Untracked 
|  35|0x00000000c4300000, 0x00000000c4300000, 0x00000000c4400000|  0%| F|  |TAMS 0x00000000c4300000, 0x00000000c4300000| Untracked 
|  36|0x00000000c4400000, 0x00000000c4400000, 0x00000000c4500000|  0%| F|  |TAMS 0x00000000c4400000, 0x00000000c4400000| Untracked 
|  37|0x00000000c4500000, 0x00000000c4500000, 0x00000000c4600000|  0%| F|  |TAMS 0x00000000c4500000, 0x00000000c4500000| Untracked 
|  38|0x00000000c4600000, 0x00000000c4600000, 0x00000000c4700000|  0%| F|  |TAMS 0x00000000c4600000, 0x00000000c4600000| Untracked 
|  39|0x00000000c4700000, 0x00000000c4700000, 0x00000000c4800000|  0%| F|  |TAMS 0x00000000c4700000, 0x00000000c4700000| Untracked 
|  40|0x00000000c4800000, 0x00000000c4800000, 0x00000000c4900000|  0%| F|  |TAMS 0x00000000c4800000, 0x00000000c4800000| Untracked 
|  41|0x00000000c4900000, 0x00000000c4900000, 0x00000000c4a00000|  0%| F|  |TAMS 0x00000000c4900000, 0x00000000c4900000| Untracked 
|  42|0x00000000c4a00000, 0x00000000c4a00000, 0x00000000c4b00000|  0%| F|  |TAMS 0x00000000c4a00000, 0x00000000c4a00000| Untracked 
|  43|0x00000000c4b00000, 0x00000000c4b00000, 0x00000000c4c00000|  0%| F|  |TAMS 0x00000000c4b00000, 0x00000000c4b00000| Untracked 
|  44|0x00000000c4c00000, 0x00000000c4c00000, 0x00000000c4d00000|  0%| F|  |TAMS 0x00000000c4c00000, 0x00000000c4c00000| Untracked 
|  45|0x00000000c4d00000, 0x00000000c4d00000, 0x00000000c4e00000|  0%| F|  |TAMS 0x00000000c4d00000, 0x00000000c4d00000| Untracked 
|  46|0x00000000c4e00000, 0x00000000c4e00000, 0x00000000c4f00000|  0%| F|  |TAMS 0x00000000c4e00000, 0x00000000c4e00000| Untracked 
|  47|0x00000000c4f00000, 0x00000000c4f00000, 0x00000000c5000000|  0%| F|  |TAMS 0x00000000c4f00000, 0x00000000c4f00000| Untracked 
|  48|0x00000000c5000000, 0x00000000c5100000, 0x00000000c5100000|100%| S|CS|TAMS 0x00000000c5000000, 0x00000000c5000000| Complete 
|  49|0x00000000c5100000, 0x00000000c5200000, 0x00000000c5200000|100%| S|CS|TAMS 0x00000000c5100000, 0x00000000c5100000| Complete 
|  50|0x00000000c5200000, 0x00000000c5200000, 0x00000000c5300000|  0%| F|  |TAMS 0x00000000c5200000, 0x00000000c5200000| Untracked 
|  51|0x00000000c5300000, 0x00000000c5300000, 0x00000000c5400000|  0%| F|  |TAMS 0x00000000c5300000, 0x00000000c5300000| Untracked 
|  52|0x00000000c5400000, 0x00000000c5400000, 0x00000000c5500000|  0%| F|  |TAMS 0x00000000c5400000, 0x00000000c5400000| Untracked 
|  53|0x00000000c5500000, 0x00000000c5500000, 0x00000000c5600000|  0%| F|  |TAMS 0x00000000c5500000, 0x00000000c5500000| Untracked 
|  54|0x00000000c5600000, 0x00000000c56f3cb8, 0x00000000c5700000| 95%| E|  |TAMS 0x00000000c5600000, 0x00000000c5600000| Complete 
|  55|0x00000000c5700000, 0x00000000c5800000, 0x00000000c5800000|100%| E|CS|TAMS 0x00000000c5700000, 0x00000000c5700000| Complete 
|  56|0x00000000c5800000, 0x00000000c5900000, 0x00000000c5900000|100%| E|CS|TAMS 0x00000000c5800000, 0x00000000c5800000| Complete 
|  57|0x00000000c5900000, 0x00000000c5a00000, 0x00000000c5a00000|100%| E|CS|TAMS 0x00000000c5900000, 0x00000000c5900000| Complete 
|  58|0x00000000c5a00000, 0x00000000c5b00000, 0x00000000c5b00000|100%| E|CS|TAMS 0x00000000c5a00000, 0x00000000c5a00000| Complete 
|  59|0x00000000c5b00000, 0x00000000c5c00000, 0x00000000c5c00000|100%| E|CS|TAMS 0x00000000c5b00000, 0x00000000c5b00000| Complete 
|  60|0x00000000c5c00000, 0x00000000c5d00000, 0x00000000c5d00000|100%| E|CS|TAMS 0x00000000c5c00000, 0x00000000c5c00000| Complete 
|  61|0x00000000c5d00000, 0x00000000c5e00000, 0x00000000c5e00000|100%| E|CS|TAMS 0x00000000c5d00000, 0x00000000c5d00000| Complete 

Card table byte_map: [0x0000002bab9c0000,0x0000002babbb0000] _byte_map_base: 0x0000002bab3b0000

Marking Bits (Prev, Next): (CMBitMap*) 0x0000002b946ed638, (CMBitMap*) 0x0000002b946ed670
 Prev Bits: [0x0000002babda0000, 0x0000002bacd20000)
 Next Bits: [0x0000002bacd20000, 0x0000002badca0000)

Polling page: 0x0000002b92490000

Metaspace:

Usage:
  Non-class:     12.60 MB capacity,    12.35 MB ( 98%) used,   218.37 KB (  2%) free+waste,    32.50 KB ( <1%) overhead. 
      Class:      1.56 MB capacity,     1.41 MB ( 90%) used,   136.97 KB (  9%) free+waste,    15.38 KB ( <1%) overhead. 
       Both:     14.16 MB capacity,    13.77 MB ( 97%) used,   355.34 KB (  2%) free+waste,    47.88 KB ( <1%) overhead. 

Virtual space:
  Non-class space:       14.00 MB reserved,      12.75 MB ( 91%) committed 
      Class space:        1.00 GB reserved,       1.63 MB ( <1%) committed 
             Both:        1.01 GB reserved,      14.38 MB (  1%) committed 

Chunk freelists:
   Non-Class:  3.38 KB
       Class:  128 bytes
        Both:  3.50 KB

CodeHeap 'non-profiled nmethods': size=239488Kb used=1721Kb max_used=1721Kb free=237766Kb
 bounds [0x0000002b9cfe0000, 0x0000002b9d250000, 0x0000002bab9c0000]
CodeHeap 'non-nmethods': size=6272Kb used=1174Kb max_used=1174Kb free=5097Kb
 bounds [0x0000002b9c9c0000, 0x0000002b9cc30000, 0x0000002b9cfe0000]
 total_blobs=1587 nmethods=1169 adapters=339
 compilation: enabled
              stopped_count=0, restarted_count=0
 full_count=0

Compilation events (10 events):
Event: 15.826 Thread 0x0000002bb0386800 1165       1       org.eclipse.jdt.launching.internal.org.objectweb.asm.ClassReader::readClass (7 bytes)
Event: 15.826 Thread 0x0000002bb0386800 nmethod 1165 0x0000002b9d18c590 code [0x0000002b9d18c760, 0x0000002b9d18c9d0]
Event: 15.826 Thread 0x0000002bb0386800 1166       1       org.eclipse.jdt.launching.internal.org.objectweb.asm.ClassReader::readStringish (16 bytes)
Event: 15.826 Thread 0x0000002bb0386800 nmethod 1166 0x0000002b9d18cc10 code [0x0000002b9d18cde0, 0x0000002b9d18d050]
Event: 15.826 Thread 0x0000002bb0386800 1167       1       org.eclipse.jdt.launching.internal.org.objectweb.asm.SymbolTable::addConstantClass (8 bytes)
Event: 15.827 Thread 0x0000002bb0386800 nmethod 1167 0x0000002b9d18d210 code [0x0000002b9d18d3c0, 0x0000002b9d18d510]
Event: 15.827 Thread 0x0000002bb0386800 1168       1       org.eclipse.jdt.launching.internal.org.objectweb.asm.ClassReader::createDebugLabel (23 bytes)
Event: 15.827 Thread 0x0000002bb0386800 nmethod 1168 0x0000002b9d18d590 code [0x0000002b9d18d760, 0x0000002b9d18da38]
Event: 15.827 Thread 0x0000002bb0386800 1169       1       org.eclipse.jdt.launching.internal.org.objectweb.asm.MethodWriter::visitVarInsn (302 bytes)
Event: 15.828 Thread 0x0000002bb0386800 nmethod 1169 0x0000002b9d18dc10 code [0x0000002b9d18de20, 0x0000002b9d18e290]

GC Heap History (8 events):
Event: 7.659 GC heap before
{Heap before GC invocations=0 (full 0):
 garbage-first heap   total 63488K, used 7168K [0x00000000c2000000, 0x0000000100000000)
  region size 1024K, 7 young (7168K), 0 survivors (0K)
 Metaspace       used 5901K, capacity 5939K, committed 6272K, reserved 1056768K
  class space    used 517K, capacity 534K, committed 640K, reserved 1048576K
}
Event: 8.524 GC heap after
{Heap after GC invocations=1 (full 0):
 garbage-first heap   total 63488K, used 5605K [0x00000000c2000000, 0x0000000100000000)
  region size 1024K, 1 young (1024K), 1 survivors (1024K)
 Metaspace       used 5901K, capacity 5939K, committed 6272K, reserved 1056768K
  class space    used 517K, capacity 534K, committed 640K, reserved 1048576K
}
Event: 8.890 GC heap before
{Heap before GC invocations=1 (full 0):
 garbage-first heap   total 63488K, used 7653K [0x00000000c2000000, 0x0000000100000000)
  region size 1024K, 4 young (4096K), 1 survivors (1024K)
 Metaspace       used 5901K, capacity 5939K, committed 6272K, reserved 1056768K
  class space    used 517K, capacity 534K, committed 640K, reserved 1048576K
}
Event: 8.896 GC heap after
{Heap after GC invocations=2 (full 0):
 garbage-first heap   total 63488K, used 8471K [0x00000000c2000000, 0x0000000100000000)
  region size 1024K, 1 young (1024K), 1 survivors (1024K)
 Metaspace       used 5901K, capacity 5939K, committed 6272K, reserved 1056768K
  class space    used 517K, capacity 534K, committed 640K, reserved 1048576K
}
Event: 9.647 GC heap before
{Heap before GC invocations=2 (full 0):
 garbage-first heap   total 63488K, used 15639K [0x00000000c2000000, 0x0000000100000000)
  region size 1024K, 9 young (9216K), 1 survivors (1024K)
 Metaspace       used 5901K, capacity 5939K, committed 6272K, reserved 1056768K
  class space    used 517K, capacity 534K, committed 640K, reserved 1048576K
}
Event: 9.657 GC heap after
{Heap after GC invocations=3 (full 0):
 garbage-first heap   total 63488K, used 16245K [0x00000000c2000000, 0x0000000100000000)
  region size 1024K, 2 young (2048K), 2 survivors (2048K)
 Metaspace       used 5901K, capacity 5939K, committed 6272K, reserved 1056768K
  class space    used 517K, capacity 534K, committed 640K, reserved 1048576K
}
Event: 14.615 GC heap before
{Heap before GC invocations=3 (full 0):
 garbage-first heap   total 63488K, used 26485K [0x00000000c2000000, 0x0000000100000000)
  region size 1024K, 12 young (12288K), 2 survivors (2048K)
 Metaspace       used 12403K, capacity 12656K, committed 12928K, reserved 1060864K
  class space    used 1283K, capacity 1391K, committed 1408K, reserved 1048576K
}
Event: 14.625 GC heap after
{Heap after GC invocations=4 (full 0):
 garbage-first heap   total 63488K, used 18982K [0x00000000c2000000, 0x0000000100000000)
  region size 1024K, 2 young (2048K), 2 survivors (2048K)
 Metaspace       used 12403K, capacity 12656K, committed 12928K, reserved 1060864K
  class space    used 1283K, capacity 1391K, committed 1408K, reserved 1048576K
}

Deoptimization events (0 events):
No events

Classes redefined (0 events):
No events

Internal exceptions (10 events):
Event: 12.900 Thread 0x0000002b946c1000 Exception <a 'java/lang/NoSuchMethodError'{0x00000000c55c0460}: java.lang.invoke.DirectMethodHandle$Holder.invokeSpecialIFC(Ljava/lang/Object;Ljava/lang/Object;Ljava/lang/Object;)I> (0x00000000c55c0460) thrown at [t:/workspace/open/src/hotspot/share/inter
Event: 12.926 Thread 0x0000002b946c1000 Exception <a 'java/lang/NoSuchMethodError'{0x00000000c5240f08}: java.lang.invoke.DirectMethodHandle$Holder.invokeStatic(Ljava/lang/Object;IIII)Ljava/lang/Object;> (0x00000000c5240f08) thrown at [t:/workspace/open/src/hotspot/share/interpreter/linkResolver
Event: 12.926 Thread 0x0000002b946c1000 Exception <a 'java/lang/NoSuchMethodError'{0x00000000c5244020}: java.lang.invoke.DirectMethodHandle$Holder.invokeStaticInit(Ljava/lang/Object;IIII)Ljava/lang/Object;> (0x00000000c5244020) thrown at [t:/workspace/open/src/hotspot/share/interpreter/linkReso
Event: 14.109 Thread 0x0000002b946c1000 Exception <a 'java/lang/NoSuchMethodError'{0x00000000c52756c8}: java.lang.invoke.DirectMethodHandle$Holder.invokeStatic(Ljava/lang/Object;Ljava/lang/Object;IIII)Ljava/lang/Object;> (0x00000000c52756c8) thrown at [t:/workspace/open/src/hotspot/share/interp
Event: 14.109 Thread 0x0000002b946c1000 Exception <a 'java/lang/NoSuchMethodError'{0x00000000c5278a10}: java.lang.invoke.DirectMethodHandle$Holder.invokeStaticInit(Ljava/lang/Object;Ljava/lang/Object;IIII)Ljava/lang/Object;> (0x00000000c5278a10) thrown at [t:/workspace/open/src/hotspot/share/in
Event: 14.129 Thread 0x0000002b946c1000 Exception <a 'java/lang/ClassNotFoundException'{0x00000000c52b2fd8}: javax/management/remote/rmi/RMIServerImpl_Skel> (0x00000000c52b2fd8) thrown at [t:/workspace/open/src/hotspot/share/classfile/systemDictionary.cpp, line 231]
Event: 15.361 Thread 0x0000002b946c1000 Exception <a 'java/lang/ClassNotFoundException'{0x00000000c5a5beb8}: jdk/internal/agent/resources/spi/agentProvider> (0x00000000c5a5beb8) thrown at [t:/workspace/open/src/hotspot/share/classfile/systemDictionary.cpp, line 231]
Event: 15.558 Thread 0x0000002b946c1000 Exception <a 'java/lang/NoSuchMethodError'{0x00000000c5ab9980}: java.lang.invoke.DirectMethodHandle$Holder.invokeStatic(Ljava/lang/Object;Ljava/lang/Object;Ljava/lang/Object;Ljava/lang/Object;Ljava/lang/Object;Ljava/lang/Object;Ljava/lang/Object;Ljava/lan
Event: 15.562 Thread 0x0000002b946c1000 Exception <a 'java/lang/NoSuchMethodError'{0x00000000c5ac7408}: java.lang.invoke.DirectMethodHandle$Holder.invokeStatic(Ljava/lang/Object;Ljava/lang/Object;Ljava/lang/Object;Ljava/lang/Object;Ljava/lang/Object;Ljava/lang/Object;Ljava/lang/Object;Ljava/lan
Event: 15.566 Thread 0x0000002b946c1000 Exception <a 'java/lang/NoSuchMethodError'{0x00000000c5ae2210}: java.lang.invoke.DelegatingMethodHandle$Holder.reinvoke_L(Ljava/lang/Object;ILjava/lang/Object;)Ljava/lang/Object;> (0x00000000c5ae2210) thrown at [t:/workspace/open/src/hotspot/share/interpr

Events (10 events):
Event: 15.837 loading class org/apache/logging/log4j/Logger
Event: 15.837 loading class org/apache/logging/log4j/Logger done
Event: 15.841 loading class org/apache/logging/slf4j/SLF4JProvider
Event: 15.841 loading class org/apache/logging/slf4j/SLF4JProvider done
Event: 15.842 loading class org/apache/logging/log4j/spi/Provider
Event: 15.842 loading class org/apache/logging/log4j/spi/Provider done
Event: 15.845 loading class org/slf4j/spi/LocationAwareLogger
Event: 15.845 loading class org/slf4j/spi/LocationAwareLogger done
Event: 15.846 loading class org/slf4j/Logger
Event: 15.846 loading class org/slf4j/Logger done


Dynamic libraries:
0x00007ff688100000 - 0x00007ff688147000 	C:\Program Files\Java\jdk-11.0.4\bin\javaw.exe
0x00007ff9d6c60000 - 0x00007ff9d6e22000 	C:\WINDOWS\SYSTEM32\ntdll.dll
0x00007ff9d5fe0000 - 0x00007ff9d608d000 	C:\WINDOWS\system32\KERNEL32.DLL
0x00007ff9c7f70000 - 0x00007ff9c7f83000 	C:\Program Files\AVAST Software\Avast\aswhook.dll
0x00007ff9d3b00000 - 0x00007ff9d3cdd000 	C:\WINDOWS\system32\KERNELBASE.dll
0x00007ff9d1dc0000 - 0x00007ff9d1e38000 	C:\WINDOWS\system32\apphelp.dll
0x00007ff9a0ca0000 - 0x00007ff9a1122000 	C:\WINDOWS\AppPatch\AppPatch64\AcLayers.DLL
0x00007ff9d69a0000 - 0x00007ff9d6a3d000 	C:\WINDOWS\system32\msvcrt.dll
0x00007ff9d6400000 - 0x00007ff9d654e000 	C:\WINDOWS\system32\USER32.dll
0x00007ff9d6a70000 - 0x00007ff9d6bf5000 	C:\WINDOWS\system32\GDI32.dll
0x00007ff9d4320000 - 0x00007ff9d4371000 	C:\WINDOWS\system32\SHLWAPI.dll
0x00007ff9d6550000 - 0x00007ff9d67cc000 	C:\WINDOWS\system32\combase.dll
0x00007ff9d58b0000 - 0x00007ff9d59d6000 	C:\WINDOWS\system32\RPCRT4.dll
0x0000002b92420000 - 0x0000002b92423000 	C:\WINDOWS\SYSTEM32\sfc.dll
0x00007ff9c1630000 - 0x00007ff9c16b4000 	C:\WINDOWS\SYSTEM32\WINSPOOL.DRV
0x00007ff9d35b0000 - 0x00007ff9d35d8000 	C:\WINDOWS\SYSTEM32\bcrypt.dll
0x00007ff9cd680000 - 0x00007ff9cd691000 	C:\WINDOWS\SYSTEM32\sfc_os.DLL
0x00007ff9d5af0000 - 0x00007ff9d5b26000 	C:\WINDOWS\system32\IMM32.DLL
0x00007ff9d5b30000 - 0x00007ff9d5c8c000 	C:\WINDOWS\system32\MSCTF.dll
0x00007ff9d61e0000 - 0x00007ff9d6286000 	C:\WINDOWS\system32\ADVAPI32.dll
0x00007ff9d59e0000 - 0x00007ff9d5a3b000 	C:\WINDOWS\system32\sechost.dll
0x00007ff9c22f0000 - 0x00007ff9c2564000 	C:\WINDOWS\WinSxS\amd64_microsoft.windows.common-controls_6595b64144ccf1df_6.0.10240.16384_none_f41f7b285750ef43\COMCTL32.dll
0x00007ff9d0b60000 - 0x00007ff9d0b6a000 	C:\WINDOWS\SYSTEM32\VERSION.dll
0x00007ff9b3aa0000 - 0x00007ff9b3ab6000 	C:\Program Files\Java\jdk-11.0.4\bin\vcruntime140.dll
0x00007ff9cdfd0000 - 0x00007ff9ce0c2000 	C:\WINDOWS\SYSTEM32\ucrtbase.dll
0x00007ff9a1d80000 - 0x00007ff9a1e2a000 	C:\Program Files\Java\jdk-11.0.4\bin\msvcp140.dll
0x00007ff9a1130000 - 0x00007ff9a1c57000 	C:\Program Files\Java\jdk-11.0.4\bin\server\jvm.dll
0x00007ff9d4310000 - 0x00007ff9d4318000 	C:\WINDOWS\system32\PSAPI.DLL
0x00007ff9ce400000 - 0x00007ff9ce409000 	C:\WINDOWS\SYSTEM32\WSOCK32.dll
0x00007ff9d6300000 - 0x00007ff9d6369000 	C:\WINDOWS\system32\WS2_32.dll
0x00007ff9d6370000 - 0x00007ff9d6378000 	C:\WINDOWS\system32\NSI.dll
0x00007ff9d0b30000 - 0x00007ff9d0b53000 	C:\WINDOWS\SYSTEM32\WINMM.dll
0x00007ff9d0b00000 - 0x00007ff9d0b2c000 	C:\WINDOWS\SYSTEM32\WINMMBASE.dll
0x00007ff9d3ab0000 - 0x00007ff9d3af4000 	C:\WINDOWS\system32\cfgmgr32.dll
0x00007ff9d1f40000 - 0x00007ff9d1f67000 	C:\WINDOWS\SYSTEM32\DEVOBJ.dll
0x00007ff9d3700000 - 0x00007ff9d370f000 	C:\WINDOWS\system32\kernel.appcore.dll
0x00007ff9b3840000 - 0x00007ff9b3851000 	C:\Program Files\Java\jdk-11.0.4\bin\verify.dll
0x00007ff9cef60000 - 0x00007ff9cf0ea000 	C:\WINDOWS\SYSTEM32\DBGHELP.DLL
0x00007ff9cef30000 - 0x00007ff9cef55000 	C:\WINDOWS\SYSTEM32\dbgcore.DLL
0x00007ff9a5620000 - 0x00007ff9a5649000 	C:\Program Files\Java\jdk-11.0.4\bin\java.dll
0x00007ff9c09c0000 - 0x00007ff9c09f7000 	C:\Program Files\Java\jdk-11.0.4\bin\jdwp.dll
0x00007ff9cae90000 - 0x00007ff9caebf000 	C:\Program Files\Java\jdk-11.0.4\bin\instrument.dll
0x00007ff9a2460000 - 0x00007ff9a2476000 	C:\Program Files\Java\jdk-11.0.4\bin\zip.dll
0x00007ff9c22d0000 - 0x00007ff9c22da000 	C:\Program Files\Java\jdk-11.0.4\bin\jimage.dll
0x00007ff9d4380000 - 0x00007ff9d58a5000 	C:\WINDOWS\system32\SHELL32.dll
0x00007ff9d3ce0000 - 0x00007ff9d4308000 	C:\WINDOWS\system32\windows.storage.dll
0x00007ff9d39f0000 - 0x00007ff9d3aa3000 	C:\WINDOWS\system32\shcore.dll
0x00007ff9d3670000 - 0x00007ff9d36ba000 	C:\WINDOWS\system32\powrprof.dll
0x00007ff9d36e0000 - 0x00007ff9d36f3000 	C:\WINDOWS\system32\profapi.dll
0x00007ff9cd0c0000 - 0x00007ff9cd0ca000 	C:\Program Files\Java\jdk-11.0.4\bin\dt_socket.dll
0x00007ff9d2e80000 - 0x00007ff9d2edd000 	C:\WINDOWS\System32\mswsock.dll
0x00007ff9d2c20000 - 0x00007ff9d2cc8000 	C:\WINDOWS\SYSTEM32\DNSAPI.dll
0x00007ff9cc5b0000 - 0x00007ff9cc618000 	C:\WINDOWS\System32\fwpuclnt.dll
0x00007ff9c8580000 - 0x00007ff9c858a000 	C:\Windows\System32\rasadhlp.dll
0x00007ff9a2440000 - 0x00007ff9a2459000 	C:\Program Files\Java\jdk-11.0.4\bin\net.dll
0x00007ff9ce410000 - 0x00007ff9ce4e6000 	C:\WINDOWS\SYSTEM32\WINHTTP.dll
0x00007ff9c3df0000 - 0x00007ff9c3f87000 	C:\WINDOWS\SYSTEM32\urlmon.dll
0x00007ff9cbf80000 - 0x00007ff9cc2f6000 	C:\WINDOWS\SYSTEM32\iertutil.dll
0x00007ff9d3050000 - 0x00007ff9d305b000 	C:\WINDOWS\SYSTEM32\CRYPTBASE.dll
0x00007ff9d3430000 - 0x00007ff9d349b000 	C:\WINDOWS\SYSTEM32\bcryptPrimitives.dll
0x00007ff9a2420000 - 0x00007ff9a2433000 	C:\Program Files\Java\jdk-11.0.4\bin\nio.dll
0x00007ff9bfb00000 - 0x00007ff9bfb09000 	C:\Program Files\Java\jdk-11.0.4\bin\management.dll
0x00007ff9b3ac0000 - 0x00007ff9b3acc000 	C:\Program Files\Java\jdk-11.0.4\bin\management_ext.dll
0x00007ff9c6ca0000 - 0x00007ff9c6cb5000 	C:\WINDOWS\system32\napinsp.dll
0x00007ff9c71e0000 - 0x00007ff9c71fa000 	C:\WINDOWS\system32\pnrpnsp.dll
0x00007ff9d1580000 - 0x00007ff9d1598000 	C:\WINDOWS\system32\NLAapi.dll
0x00007ff9c69a0000 - 0x00007ff9c69ad000 	C:\WINDOWS\System32\winrnr.dll
0x00007ff9cebb0000 - 0x00007ff9cebe8000 	C:\WINDOWS\SYSTEM32\IPHLPAPI.DLL
0x00007ff9cf450000 - 0x00007ff9cf45b000 	C:\WINDOWS\SYSTEM32\WINNSI.DLL
0x00007ff9d2ee0000 - 0x00007ff9d2ef7000 	C:\WINDOWS\SYSTEM32\CRYPTSP.dll
0x00007ff9d2b30000 - 0x00007ff9d2b63000 	C:\WINDOWS\system32\rsaenh.dll
0x00007ff9d2d10000 - 0x00007ff9d2d2f000 	C:\WINDOWS\SYSTEM32\USERENV.dll
0x00007ff9ce950000 - 0x00007ff9ce966000 	C:\WINDOWS\SYSTEM32\dhcpcsvc6.DLL
0x00007ff9ce8f0000 - 0x00007ff9ce90a000 	C:\WINDOWS\SYSTEM32\dhcpcsvc.DLL

dbghelp: loaded successfully - version: 4.0.5 - missing functions: none
symbol engine: initialized successfully - sym options: 0x614 - pdb path: .;C:\Program Files\Java\jdk-11.0.4\bin;C:\WINDOWS\SYSTEM32;C:\Program Files\AVAST Software\Avast;C:\WINDOWS\AppPatch\AppPatch64;C:\WINDOWS\WinSxS\amd64_microsoft.windows.common-controls_6595b64144ccf1df_6.0.10240.16384_none_f41f7b285750ef43;C:\Program Files\Java\jdk-11.0.4\bin\server

VM Arguments:
jvm_args: -agentlib:jdwp=transport=dt_socket,suspend=y,address=localhost:51567 -Dcom.sun.management.jmxremote -Dcom.sun.management.jmxremote.port=51482 -Dcom.sun.management.jmxremote.authenticate=false -Dcom.sun.management.jmxremote.ssl=false -Djava.rmi.server.hostname=localhost -Dspring.jmx.enabled=true -Dspring.application.admin.enabled=true -Xverify:none -XX:TieredStopAtLevel=1 -Dspring.boot.project.name=spring-boot-ionic-backend -javaagent:C:\sts-4.6.0.RELEASE\configuration\org.eclipse.osgi\245\0\.cp\lib\javaagent-shaded.jar -Dfile.encoding=UTF-8 
java_command: com.isaquelourenco.cursomc.CursomcApplication --spring.output.ansi.enabled=always
java_class_path (initial): C:\workspace-java\ws-sts\spring-boot-ionic-backend\target\classes;C:\Users\daSalaWin7\.m2\repository\org\springframework\boot\spring-boot-starter-web\2.2.6.RELEASE\spring-boot-starter-web-2.2.6.RELEASE.jar;C:\Users\daSalaWin7\.m2\repository\org\springframework\boot\spring-boot-starter\2.2.6.RELEASE\spring-boot-starter-2.2.6.RELEASE.jar;C:\Users\daSalaWin7\.m2\repository\org\springframework\boot\spring-boot-starter-logging\2.2.6.RELEASE\spring-boot-starter-logging-2.2.6.RELEASE.jar;C:\Users\daSalaWin7\.m2\repository\ch\qos\logback\logback-classic\1.2.3\logback-classic-1.2.3.jar;C:\Users\daSalaWin7\.m2\repository\ch\qos\logback\logback-core\1.2.3\logback-core-1.2.3.jar;C:\Users\daSalaWin7\.m2\repository\org\apache\logging\log4j\log4j-to-slf4j\2.12.1\log4j-to-slf4j-2.12.1.jar;C:\Users\daSalaWin7\.m2\repository\org\apache\logging\log4j\log4j-api\2.12.1\log4j-api-2.12.1.jar;C:\Users\daSalaWin7\.m2\repository\org\slf4j\jul-to-slf4j\1.7.30\jul-to-slf4j-1.7.30.jar;C:\Users\daSalaWin7\.m2\repository\jakarta\annotation\jakarta.annotation-api\1.3.5\jakarta.annotation-api-1.3.5.jar;C:\Users\daSalaWin7\.m2\repository\org\yaml\snakeyaml\1.25\snakeyaml-1.25.jar;C:\Users\daSalaWin7\.m2\repository\org\springframework\boot\spring-boot-starter-json\2.2.6.RELEASE\spring-boot-starter-json-2.2.6.RELEASE.jar;C:\Users\daSalaWin7\.m2\repository\com\fasterxml\jackson\datatype\jackson-datatype-jdk8\2.10.3\jackson-datatype-jdk8-2.10.3.jar;C:\Users\daSalaWin7\.m2\repository\com\fasterxml\jackson\datatype\jackson-datatype-jsr310\2.10.3\jackson-datatype-jsr310-2.10.3.jar;C:\Users\daSalaWin7\.m2\repository\com\fasterxml\jackson\module\jackson-module-parameter-names\2.10.3\jackson-module-parameter-names-2.10.3.jar;C:\Users\daSalaWin7\.m2\repository\org\springframework\boot\spring-boot-starter-tomcat\2.2.6.RELEASE\spring-boot-starter-tomcat-2.2.6.RELEASE.jar;C:\Users\daSalaWin7\.m2\repository\org\apache\tomcat\embed\tomcat-embed-core\9.0.33\tomcat-embed-core-9.0.33.jar;C
Launcher Type: SUN_STANDARD

[Global flags]
     bool BytecodeVerificationLocal                = false                                     {product} {command line}
     bool BytecodeVerificationRemote               = false                                     {product} {command line}
     intx CICompilerCount                          = 2                                         {product} {ergonomic}
     uint ConcGCThreads                            = 1                                         {product} {ergonomic}
     uint G1ConcRefinementThreads                  = 2                                         {product} {ergonomic}
   size_t G1HeapRegionSize                         = 1048576                                   {product} {ergonomic}
    uintx GCDrainStackTargetSize                   = 64                                        {product} {ergonomic}
   size_t InitialHeapSize                          = 65011712                                  {product} {ergonomic}
     bool ManagementServer                         = true                                      {product} {command line}
   size_t MarkStackSize                            = 4194304                                   {product} {ergonomic}
   size_t MaxHeapSize                              = 1040187392                                {product} {ergonomic}
   size_t MaxNewSize                               = 623902720                                 {product} {ergonomic}
   size_t MinHeapDeltaBytes                        = 1048576                                   {product} {ergonomic}
    uintx NonNMethodCodeHeapSize                   = 6396312                                {pd product} {ergonomic}
    uintx NonProfiledCodeHeapSize                  = 245261928                              {pd product} {ergonomic}
    uintx ProfiledCodeHeapSize                     = 0                                      {pd product} {ergonomic}
    uintx ReservedCodeCacheSize                    = 251658240                              {pd product} {ergonomic}
     bool SegmentedCodeCache                       = true                                      {product} {ergonomic}
     intx TieredStopAtLevel                        = 1                                         {product} {command line}
     bool UseCompressedClassPointers               = true                                 {lp64_product} {ergonomic}
     bool UseCompressedOops                        = true                                 {lp64_product} {ergonomic}
     bool UseG1GC                                  = true                                      {product} {ergonomic}
     bool UseLargePagesIndividualAllocation        = false                                  {pd product} {ergonomic}

Logging:
Log output configuration:
 #0: stdout all=warning uptime,level,tags
 #1: stderr all=off uptime,level,tags

Environment Variables:
JAVA_HOME=C:\Program Files\Java\jdk-11.0.4
PATH=C:/Program Files/Java/jdk-11.0.4/bin/server;C:/Program Files/Java/jdk-11.0.4/bin;C:\Program Files\Java\jdk-11.0.4\bin;C:\WINDOWS\system32;C:\WINDOWS;C:\WINDOWS\System32\Wbem;C:\WINDOWS\System32\WindowsPowerShell\v1.0\;C:\Program Files (x86)\ATI Technologies\ATI.ACE\Core-Static;C:\Program Files\Git\cmd;C:\Program Files\MySQL\MySQL Shell 8.0\bin\;C:\Users\daSalaWin7\AppData\Local\Programs\Python\Python37\Scripts\;C:\Users\daSalaWin7\AppData\Local\Programs\Python\Python37\;C:\Program Files\heroku\bin;C:\xampp\mysql\bin;C:\Users\daSalaWin7\AppData\Local\Programs\Microsoft VS Code\bin;C:\sts-4.6.0.RELEASE;
USERNAME=daSalaWin7
OS=Windows_NT
PROCESSOR_IDENTIFIER=Intel64 Family 6 Model 23 Stepping 10, GenuineIntel



---------------  S Y S T E M  ---------------

OS: Windows 10 , 64 bit Build 10240 (10.0.10240.16384)

CPU:total 2 (initial active 2) (2 cores per cpu, 1 threads per core) family 6 model 23 stepping 10, cmov, cx8, fxsr, mmx, sse, sse2, sse3, ssse3, tsc

Memory: 4k page, system-wide physical 3965M (140M free)
TotalPageFile size 8711M (AvailPageFile size 1587M)
current process WorkingSet (physical memory assigned to process): 79M, peak: 79M
current process commit charge ("private bytes"): 150M, peak: 150M

vm_info: Java HotSpot(TM) 64-Bit Server VM (11.0.4+10-LTS) for windows-amd64 JRE (11.0.4+10-LTS), built on Jul  4 2019 16:28:13 by "mach5one" with MS VC++ 15.5 (VS2017)

END.
