#
# A fatal error has been detected by the Java Runtime Environment:
#
#  EXCEPTION_ACCESS_VIOLATION (0xc0000005) at pc=0x00007ff9a18d7a16, pid=9160, tid=1952
#
# JRE version: Java(TM) SE Runtime Environment (11.0.4+10) (build 11.0.4+10-LTS)
# Java VM: Java HotSpot(TM) 64-Bit Server VM (11.0.4+10-LTS, mixed mode, tiered, compressed oops, g1 gc, windows-amd64)
# Problematic frame:
# V  [jvm.dll+0x6c7a16]
#
# No core dump will be written. Minidumps are not enabled by default on client versions of Windows
#
# If you would like to submit a bug report, please visit:
#   http://bugreport.java.com/bugreport/crash.jsp
#

---------------  S U M M A R Y ------------

Command Line: -agentlib:jdwp=transport=dt_socket,suspend=y,address=localhost:55523 -Dcom.sun.management.jmxremote -Dcom.sun.management.jmxremote.port=55517 -Dcom.sun.management.jmxremote.authenticate=false -Dcom.sun.management.jmxremote.ssl=false -Djava.rmi.server.hostname=localhost -Dspring.jmx.enabled=true -Dspring.application.admin.enabled=true -Xverify:none -XX:TieredStopAtLevel=1 -Dspring.boot.project.name=spring-boot-ionic-backend -javaagent:C:\sts-4.6.0.RELEASE\configuration\org.eclipse.osgi\245\0\.cp\lib\javaagent-shaded.jar -Dfile.encoding=UTF-8 com.isaquelourenco.cursomc.CursomcApplication --spring.output.ansi.enabled=always

Host: Pentium(R) Dual-Core  CPU      E5300  @ 2.60GHz, 2 cores, 3G,  Windows 10 , 64 bit Build 10240 (10.0.10240.16384)
Time: Thu Apr 23 06:28:20 2020 Hora oficial do Brasil elapsed time: 8 seconds (0d 0h 0m 8s)

---------------  T H R E A D  ---------------

Current thread (0x0000001378e36800):  WatcherThread [stack: 0x000000137a2e0000,0x000000137a3e0000] [id=1952]

Stack: [0x000000137a2e0000,0x000000137a3e0000],  sp=0x000000137a3df4a0,  free space=1021k
Native frames: (J=compiled Java code, j=interpreted, Vv=VM code, C=native code)
V  [jvm.dll+0x6c7a16]
V  [jvm.dll+0x71321d]
V  [jvm.dll+0x738bd9]
V  [jvm.dll+0x634c82]
C  [ucrtbase.dll+0x682dd]
C  [KERNEL32.DLL+0x12d92]
C  [ntdll.dll+0x9f64]


siginfo: EXCEPTION_ACCESS_VIOLATION (0xc0000005), reading address 0x0000000800000007


Register to memory mapping:

RIP=0x00007ff9a18d7a16 jvm.dll
RAX=0x0000000800000007 is an unknown value
RBX=0x0 is NULL
RCX=0x0000001378e289d0 points into unknown readable memory: 58 35 ae a1 f9 7f 00 00
RDX=0x0000000000000033 is an unknown value
RSP=0x000000137a3df4a0 points into unknown readable memory: 00 68 e3 78 13 00 00 00
RBP=0x0000000000000002 is an unknown value
RSI=0x0000001378d00300 points into unknown readable memory: 07 00 00 00 08 00 00 00
RDI=0x0000000000000001 is an unknown value
R8 =0x0000000000000031 is an unknown value
R9 =0x00000013627d0b90 is at begin+0 in a stub
StubRoutines::atomic_cmpxchg_long [0x00000013627d0b90, 0x00000013627d0b99[ (9 bytes)
R10=0x0 is NULL
R11=0x0000000000000287 is an unknown value
R12=0x0 is NULL
R13=0x0000001378e36800 points into unknown readable memory: 58 7c ae a1 f9 7f 00 00
R14=0x0000000000000002 is an unknown value
R15=0x0000001378e00d40 points into unknown readable memory: 00 00 00 00 00 00 00 00


Registers:
RAX=0x0000000800000007, RBX=0x0000000000000000, RCX=0x0000001378e289d0, RDX=0x0000000000000033
RSP=0x000000137a3df4a0, RBP=0x0000000000000002, RSI=0x0000001378d00300, RDI=0x0000000000000001
R8 =0x0000000000000031, R9 =0x00000013627d0b90, R10=0x0000000000000000, R11=0x0000000000000287
R12=0x0000000000000000, R13=0x0000001378e36800, R14=0x0000000000000002, R15=0x0000001378e00d40
RIP=0x00007ff9a18d7a16, EFLAGS=0x0000000000010246

Top of Stack: (sp=0x000000137a3df4a0)
0x000000137a3df4a0:   0000001378e36800 0000001378e36800
0x000000137a3df4b0:   000013d8c39d1ad7 00007ff9a18187c9
0x000000137a3df4c0:   00007ff9a1c83798 00007ff9a192321d
0x000000137a3df4d0:   000000135a491080 000000135a491080
0x000000137a3df4e0:   0000001378e00d40 431bde82d7b634db
0x000000137a3df4f0:   0000001378e00d40 000013d8c39d1ad7
0x000000137a3df500:   000000135a491080 00007ff9a1948bd9
0x000000137a3df510:   0000000000000001 0000000000000002
0x000000137a3df520:   0000000000000001 0000000000000002
0x000000137a3df530:   0000000000000000 0000000000000000
0x000000137a3df540:   0000000000000000 0000000000000000
0x000000137a3df550:   0000000000000000 0000000000000000
0x000000137a3df560:   00001f800010001b 0000000000000033
0x000000137a3df570:   0000000000000000 0000000000000000
0x000000137a3df580:   0000001378e19460 000000137a3df940
0x000000137a3df590:   0000001378e36800 00007ff9a1844c82 

Instructions: (pc=0x00007ff9a18d7a16)
0x00007ff9a18d79f6:   cc cc cc cc cc cc cc cc cc cc 48 89 5c 24 10 56
0x00007ff9a18d7a06:   48 83 ec 20 48 8b 35 47 6c 3a 00 33 db 48 8b 06
0x00007ff9a18d7a16:   39 18 7e 27 48 89 7c 24 30 8b fb 48 8b 40 18 48
0x00007ff9a18d7a26:   8b 0c 07 48 8b 01 ff 50 08 48 8b 06 48 8d 7f 08 


Stack slot to memory mapping:
stack at sp + 0 slots: 0x0000001378e36800 points into unknown readable memory: 58 7c ae a1 f9 7f 00 00
stack at sp + 1 slots: 0x0000001378e36800 points into unknown readable memory: 58 7c ae a1 f9 7f 00 00
stack at sp + 2 slots: 0x000013d8c39d1ad7 is an unknown value
stack at sp + 3 slots: 0x00007ff9a18187c9 jvm.dll
stack at sp + 4 slots: 0x00007ff9a1c83798 jvm.dll
stack at sp + 5 slots: 0x00007ff9a192321d jvm.dll
stack at sp + 6 slots: 0x000000135a491080 points into unknown readable memory: 01 00 00 00 00 00 00 00
stack at sp + 7 slots: 0x000000135a491080 points into unknown readable memory: 01 00 00 00 00 00 00 00


---------------  P R O C E S S  ---------------

Threads class SMR info:
_java_thread_list=0x0000001378b8ddc0, length=16, elements={
0x000000135a492800, 0x000000137624d000, 0x0000001376259000, 0x00000013762a5800,
0x00000013762a6800, 0x00000013762a9800, 0x00000013762cc800, 0x0000001377366800,
0x00000013773cc800, 0x00000013773cf800, 0x00000013773dd000, 0x0000001378b81800,
0x0000001378ce4000, 0x0000001378df0000, 0x0000001378de6800, 0x0000001378e14000
}

Java Threads: ( => current thread )
  0x000000135a492800 JavaThread "main" [_thread_in_vm, id=2324, stack(0x0000001359b60000,0x0000001359c60000)]
  0x000000137624d000 JavaThread "Reference Handler" daemon [_thread_blocked, id=1060, stack(0x0000001376bd0000,0x0000001376cd0000)]
  0x0000001376259000 JavaThread "Finalizer" daemon [_thread_blocked, id=8752, stack(0x0000001376cd0000,0x0000001376dd0000)]
  0x00000013762a5800 JavaThread "Signal Dispatcher" daemon [_thread_blocked, id=6644, stack(0x0000001376ed0000,0x0000001376fd0000)]
  0x00000013762a6800 JavaThread "Attach Listener" daemon [_thread_blocked, id=8388, stack(0x0000001376fd0000,0x00000013770d0000)]
  0x00000013762a9800 JavaThread "C1 CompilerThread0" daemon [_thread_blocked, id=8828, stack(0x00000013770d0000,0x00000013771d0000)]
  0x00000013762cc800 JavaThread "Sweeper thread" daemon [_thread_blocked, id=6652, stack(0x00000013775d0000,0x00000013776d0000)]
  0x0000001377366800 JavaThread "Common-Cleaner" daemon [_thread_blocked, id=3616, stack(0x00000013776d0000,0x00000013777d0000)]
  0x00000013773cc800 JavaThread "JDWP Transport Listener: dt_socket" daemon [_thread_blocked, id=3124, stack(0x0000001377c10000,0x0000001377d10000)]
  0x00000013773cf800 JavaThread "JDWP Event Helper Thread" daemon [_thread_blocked, id=8552, stack(0x0000001377d10000,0x0000001377e10000)]
  0x00000013773dd000 JavaThread "JDWP Command Reader" daemon [_thread_in_native, id=8852, stack(0x0000001377e10000,0x0000001377f10000)]
  0x0000001378b81800 JavaThread "Service Thread" daemon [_thread_blocked, id=3240, stack(0x00000013797e0000,0x00000013798e0000)]
  0x0000001378ce4000 JavaThread "C1 CompilerThread1" daemon [_thread_blocked, id=2508, stack(0x0000001379ae0000,0x0000001379be0000)]
  0x0000001378df0000 JavaThread "RMI TCP Accept-0" daemon [_thread_in_native, id=4632, stack(0x0000001379de0000,0x0000001379ee0000)]
  0x0000001378de6800 JavaThread "RMI TCP Accept-55517" daemon [_thread_in_native, id=4032, stack(0x0000001379ee0000,0x0000001379fe0000)]
  0x0000001378e14000 JavaThread "RMI TCP Accept-0" daemon [_thread_in_native, id=5232, stack(0x000000137a1e0000,0x000000137a2e0000)]

Other Threads:
  0x0000001376223800 VMThread "VM Thread" [stack: 0x0000001376ad0000,0x0000001376bd0000] [id=4928]
=>0x0000001378e36800 WatcherThread [stack: 0x000000137a2e0000,0x000000137a3e0000] [id=1952]
  0x000000135a4a8800 GCTaskThread "GC Thread#0" [stack: 0x0000001359e70000,0x0000001359f70000] [id=3640]
  0x0000001378195000 GCTaskThread "GC Thread#1" [stack: 0x0000001378710000,0x0000001378810000] [id=6756]
  0x000000135a4c3800 ConcurrentGCThread "G1 Main Marker" [stack: 0x0000001373ab0000,0x0000001373bb0000] [id=8888]
  0x000000135a4c4800 ConcurrentGCThread "G1 Conc#0" [stack: 0x0000001373bb0000,0x0000001373cb0000] [id=7136]
  0x000000135a509800 ConcurrentGCThread "G1 Refine#0" [stack: 0x0000001375ed0000,0x0000001375fd0000] [id=5636]
  0x000000135a50a800 ConcurrentGCThread "G1 Young RemSet Sampling" [stack: 0x0000001375fd0000,0x00000013760d0000] [id=7484]

Threads with active compile tasks:

VM state:not at safepoint (normal execution)

VM Mutex/Monitor currently owned by a thread:  ([mutex/lock_event])
[0x000000135a491080] PeriodicTask_lock - owner thread: 0x0000001378e36800

Heap address: 0x00000000c2000000, size: 992 MB, Compressed Oops mode: 32-bit
Narrow klass base: 0x0000000000000000, Narrow klass shift: 3
Compressed class space size: 1073741824 Address: 0x0000000100000000

Heap:
 garbage-first heap   total 63488K, used 24437K [0x00000000c2000000, 0x0000000100000000)
  region size 1024K, 8 young (8192K), 2 survivors (2048K)
 Metaspace       used 13884K, capacity 14272K, committed 14464K, reserved 1062912K
  class space    used 1431K, capacity 1567K, committed 1664K, reserved 1048576K
Heap Regions: E=young(eden), S=young(survivor), O=old, HS=humongous(starts), HC=humongous(continues), CS=collection set, F=free, A=archive, TAMS=top-at-mark-start (previous, next)
|   0|0x00000000c2000000, 0x00000000c2100000, 0x00000000c2100000|100%|HS|  |TAMS 0x00000000c2000000, 0x00000000c2000000| Complete 
|   1|0x00000000c2100000, 0x00000000c2200000, 0x00000000c2200000|100%| O|  |TAMS 0x00000000c2100000, 0x00000000c2100000| Untracked 
|   2|0x00000000c2200000, 0x00000000c2300000, 0x00000000c2300000|100%| O|  |TAMS 0x00000000c2200000, 0x00000000c2200000| Untracked 
|   3|0x00000000c2300000, 0x00000000c2400000, 0x00000000c2400000|100%| O|  |TAMS 0x00000000c2300000, 0x00000000c2300000| Untracked 
|   4|0x00000000c2400000, 0x00000000c2500000, 0x00000000c2500000|100%| O|  |TAMS 0x00000000c2400000, 0x00000000c2400000| Untracked 
|   5|0x00000000c2500000, 0x00000000c2600000, 0x00000000c2600000|100%| O|  |TAMS 0x00000000c2500000, 0x00000000c2500000| Untracked 
|   6|0x00000000c2600000, 0x00000000c2700000, 0x00000000c2700000|100%| O|  |TAMS 0x00000000c2600000, 0x00000000c2600000| Untracked 
|   7|0x00000000c2700000, 0x00000000c2800000, 0x00000000c2800000|100%| O|  |TAMS 0x00000000c2700000, 0x00000000c2700000| Untracked 
|   8|0x00000000c2800000, 0x00000000c2900000, 0x00000000c2900000|100%| O|  |TAMS 0x00000000c2800000, 0x00000000c2800000| Untracked 
|   9|0x00000000c2900000, 0x00000000c2a00000, 0x00000000c2a00000|100%| O|  |TAMS 0x00000000c2900000, 0x00000000c2900000| Untracked 
|  10|0x00000000c2a00000, 0x00000000c2b00000, 0x00000000c2b00000|100%| O|  |TAMS 0x00000000c2a00000, 0x00000000c2a00000| Untracked 
|  11|0x00000000c2b00000, 0x00000000c2c00000, 0x00000000c2c00000|100%| O|  |TAMS 0x00000000c2b00000, 0x00000000c2b00000| Untracked 
|  12|0x00000000c2c00000, 0x00000000c2d00000, 0x00000000c2d00000|100%| O|  |TAMS 0x00000000c2c00000, 0x00000000c2c00000| Untracked 
|  13|0x00000000c2d00000, 0x00000000c2e00000, 0x00000000c2e00000|100%| O|  |TAMS 0x00000000c2d00000, 0x00000000c2d00000| Untracked 
|  14|0x00000000c2e00000, 0x00000000c2f00000, 0x00000000c2f00000|100%| O|  |TAMS 0x00000000c2e00000, 0x00000000c2e00000| Untracked 
|  15|0x00000000c2f00000, 0x00000000c3000000, 0x00000000c3000000|100%| O|  |TAMS 0x00000000c2f00000, 0x00000000c2f00000| Untracked 
|  16|0x00000000c3000000, 0x00000000c3100000, 0x00000000c3100000|100%| O|  |TAMS 0x00000000c3000000, 0x00000000c3000000| Untracked 
|  17|0x00000000c3100000, 0x00000000c3138c00, 0x00000000c3200000| 22%| O|  |TAMS 0x00000000c3100000, 0x00000000c3100000| Untracked 
|  18|0x00000000c3200000, 0x00000000c3200000, 0x00000000c3300000|  0%| F|  |TAMS 0x00000000c3200000, 0x00000000c3200000| Untracked 
|  19|0x00000000c3300000, 0x00000000c3300000, 0x00000000c3400000|  0%| F|  |TAMS 0x00000000c3300000, 0x00000000c3300000| Untracked 
|  20|0x00000000c3400000, 0x00000000c3400000, 0x00000000c3500000|  0%| F|  |TAMS 0x00000000c3400000, 0x00000000c3400000| Untracked 
|  21|0x00000000c3500000, 0x00000000c3500000, 0x00000000c3600000|  0%| F|  |TAMS 0x00000000c3500000, 0x00000000c3500000| Untracked 
|  22|0x00000000c3600000, 0x00000000c3600000, 0x00000000c3700000|  0%| F|  |TAMS 0x00000000c3600000, 0x00000000c3600000| Untracked 
|  23|0x00000000c3700000, 0x00000000c3700000, 0x00000000c3800000|  0%| F|  |TAMS 0x00000000c3700000, 0x00000000c3700000| Untracked 
|  24|0x00000000c3800000, 0x00000000c3800000, 0x00000000c3900000|  0%| F|  |TAMS 0x00000000c3800000, 0x00000000c3800000| Untracked 
|  25|0x00000000c3900000, 0x00000000c3900000, 0x00000000c3a00000|  0%| F|  |TAMS 0x00000000c3900000, 0x00000000c3900000| Untracked 
|  26|0x00000000c3a00000, 0x00000000c3a00000, 0x00000000c3b00000|  0%| F|  |TAMS 0x00000000c3a00000, 0x00000000c3a00000| Untracked 
|  27|0x00000000c3b00000, 0x00000000c3b00000, 0x00000000c3c00000|  0%| F|  |TAMS 0x00000000c3b00000, 0x00000000c3b00000| Untracked 
|  28|0x00000000c3c00000, 0x00000000c3c00000, 0x00000000c3d00000|  0%| F|  |TAMS 0x00000000c3c00000, 0x00000000c3c00000| Untracked 
|  29|0x00000000c3d00000, 0x00000000c3d00000, 0x00000000c3e00000|  0%| F|  |TAMS 0x00000000c3d00000, 0x00000000c3d00000| Untracked 
|  30|0x00000000c3e00000, 0x00000000c3e00000, 0x00000000c3f00000|  0%| F|  |TAMS 0x00000000c3e00000, 0x00000000c3e00000| Untracked 
|  31|0x00000000c3f00000, 0x00000000c3f00000, 0x00000000c4000000|  0%| F|  |TAMS 0x00000000c3f00000, 0x00000000c3f00000| Untracked 
|  32|0x00000000c4000000, 0x00000000c4000000, 0x00000000c4100000|  0%| F|  |TAMS 0x00000000c4000000, 0x00000000c4000000| Untracked 
|  33|0x00000000c4100000, 0x00000000c4100000, 0x00000000c4200000|  0%| F|  |TAMS 0x00000000c4100000, 0x00000000c4100000| Untracked 
|  34|0x00000000c4200000, 0x00000000c4200000, 0x00000000c4300000|  0%| F|  |TAMS 0x00000000c4200000, 0x00000000c4200000| Untracked 
|  35|0x00000000c4300000, 0x00000000c4300000, 0x00000000c4400000|  0%| F|  |TAMS 0x00000000c4300000, 0x00000000c4300000| Untracked 
|  36|0x00000000c4400000, 0x00000000c4400000, 0x00000000c4500000|  0%| F|  |TAMS 0x00000000c4400000, 0x00000000c4400000| Untracked 
|  37|0x00000000c4500000, 0x00000000c4500000, 0x00000000c4600000|  0%| F|  |TAMS 0x00000000c4500000, 0x00000000c4500000| Untracked 
|  38|0x00000000c4600000, 0x00000000c4600000, 0x00000000c4700000|  0%| F|  |TAMS 0x00000000c4600000, 0x00000000c4600000| Untracked 
|  39|0x00000000c4700000, 0x00000000c4700000, 0x00000000c4800000|  0%| F|  |TAMS 0x00000000c4700000, 0x00000000c4700000| Untracked 
|  40|0x00000000c4800000, 0x00000000c4800000, 0x00000000c4900000|  0%| F|  |TAMS 0x00000000c4800000, 0x00000000c4800000| Untracked 
|  41|0x00000000c4900000, 0x00000000c4900000, 0x00000000c4a00000|  0%| F|  |TAMS 0x00000000c4900000, 0x00000000c4900000| Untracked 
|  42|0x00000000c4a00000, 0x00000000c4a00000, 0x00000000c4b00000|  0%| F|  |TAMS 0x00000000c4a00000, 0x00000000c4a00000| Untracked 
|  43|0x00000000c4b00000, 0x00000000c4b00000, 0x00000000c4c00000|  0%| F|  |TAMS 0x00000000c4b00000, 0x00000000c4b00000| Untracked 
|  44|0x00000000c4c00000, 0x00000000c4c00000, 0x00000000c4d00000|  0%| F|  |TAMS 0x00000000c4c00000, 0x00000000c4c00000| Untracked 
|  45|0x00000000c4d00000, 0x00000000c4d00000, 0x00000000c4e00000|  0%| F|  |TAMS 0x00000000c4d00000, 0x00000000c4d00000| Untracked 
|  46|0x00000000c4e00000, 0x00000000c4e00000, 0x00000000c4f00000|  0%| F|  |TAMS 0x00000000c4e00000, 0x00000000c4e00000| Untracked 
|  47|0x00000000c4f00000, 0x00000000c4f00000, 0x00000000c5000000|  0%| F|  |TAMS 0x00000000c4f00000, 0x00000000c4f00000| Untracked 
|  48|0x00000000c5000000, 0x00000000c50a4b70, 0x00000000c5100000| 64%| S|CS|TAMS 0x00000000c5000000, 0x00000000c5000000| Complete 
|  49|0x00000000c5100000, 0x00000000c5200000, 0x00000000c5200000|100%| S|CS|TAMS 0x00000000c5100000, 0x00000000c5100000| Complete 
|  50|0x00000000c5200000, 0x00000000c5200000, 0x00000000c5300000|  0%| F|  |TAMS 0x00000000c5200000, 0x00000000c5200000| Untracked 
|  51|0x00000000c5300000, 0x00000000c5300000, 0x00000000c5400000|  0%| F|  |TAMS 0x00000000c5300000, 0x00000000c5300000| Untracked 
|  52|0x00000000c5400000, 0x00000000c5400000, 0x00000000c5500000|  0%| F|  |TAMS 0x00000000c5400000, 0x00000000c5400000| Untracked 
|  53|0x00000000c5500000, 0x00000000c5500000, 0x00000000c5600000|  0%| F|  |TAMS 0x00000000c5500000, 0x00000000c5500000| Untracked 
|  54|0x00000000c5600000, 0x00000000c5600000, 0x00000000c5700000|  0%| F|  |TAMS 0x00000000c5600000, 0x00000000c5600000| Untracked 
|  55|0x00000000c5700000, 0x00000000c5700000, 0x00000000c5800000|  0%| F|  |TAMS 0x00000000c5700000, 0x00000000c5700000| Untracked 
|  56|0x00000000c5800000, 0x00000000c58ba948, 0x00000000c5900000| 72%| E|  |TAMS 0x00000000c5800000, 0x00000000c5800000| Complete 
|  57|0x00000000c5900000, 0x00000000c5a00000, 0x00000000c5a00000|100%| E|CS|TAMS 0x00000000c5900000, 0x00000000c5900000| Complete 
|  58|0x00000000c5a00000, 0x00000000c5b00000, 0x00000000c5b00000|100%| E|CS|TAMS 0x00000000c5a00000, 0x00000000c5a00000| Complete 
|  59|0x00000000c5b00000, 0x00000000c5c00000, 0x00000000c5c00000|100%| E|CS|TAMS 0x00000000c5b00000, 0x00000000c5b00000| Complete 
|  60|0x00000000c5c00000, 0x00000000c5d00000, 0x00000000c5d00000|100%| E|CS|TAMS 0x00000000c5c00000, 0x00000000c5c00000| Complete 
|  61|0x00000000c5d00000, 0x00000000c5e00000, 0x00000000c5e00000|100%| E|CS|TAMS 0x00000000c5d00000, 0x00000000c5d00000| Complete 

Card table byte_map: [0x00000013717d0000,0x00000013719c0000] _byte_map_base: 0x00000013711c0000

Marking Bits (Prev, Next): (CMBitMap*) 0x000000135a4bebf8, (CMBitMap*) 0x000000135a4bec30
 Prev Bits: [0x0000001371bb0000, 0x0000001372b30000)
 Next Bits: [0x0000001372b30000, 0x0000001373ab0000)

Polling page: 0x0000001359c60000

Metaspace:

Usage:
  Non-class:     12.41 MB capacity,    12.16 MB ( 98%) used,   219.73 KB (  2%) free+waste,    32.25 KB ( <1%) overhead. 
      Class:      1.53 MB capacity,     1.40 MB ( 91%) used,   119.95 KB (  8%) free+waste,    15.31 KB ( <1%) overhead. 
       Both:     13.94 MB capacity,    13.56 MB ( 97%) used,   339.68 KB (  2%) free+waste,    47.56 KB ( <1%) overhead. 

Virtual space:
  Non-class space:       14.00 MB reserved,      12.50 MB ( 89%) committed 
      Class space:        1.00 GB reserved,       1.63 MB ( <1%) committed 
             Both:        1.01 GB reserved,      14.13 MB (  1%) committed 

Chunk freelists:
   Non-Class:  3.88 KB
       Class:  128 bytes
        Both:  4.00 KB

CodeHeap 'non-profiled nmethods': size=239488Kb used=2034Kb max_used=2034Kb free=237453Kb
 bounds [0x0000001362df0000, 0x0000001363060000, 0x00000013717d0000]
CodeHeap 'non-nmethods': size=6272Kb used=1737Kb max_used=1737Kb free=4534Kb
 bounds [0x00000013627d0000, 0x0000001362a40000, 0x0000001362df0000]
 total_blobs=1700 nmethods=1281 adapters=338
 compilation: enabled
              stopped_count=0, restarted_count=0
 full_count=0

Compilation events (10 events):
Event: 8.667 Thread 0x00000013762a9800 1246       1       java.lang.String::getChars (54 bytes)
Event: 8.667 Thread 0x00000013762a9800 nmethod 1246 0x0000001362fcbb10 code [0x0000001362fcbce0, 0x0000001362fcbf60]
Event: 8.667 Thread 0x00000013762a9800 1247       1       java.lang.StringLatin1::getChars (12 bytes)
Event: 8.667 Thread 0x0000001378ce4000 nmethod 1245 0x0000001362fcc110 code [0x0000001362fcc300, 0x0000001362fcc640]
Event: 8.667 Thread 0x00000013762a9800 nmethod 1247 0x0000001362fcc910 code [0x0000001362fccac0, 0x0000001362fccc58]
Event: 8.668 Thread 0x0000001378ce4000 1248       1       org.eclipse.jdt.launching.internal.org.objectweb.asm.ClassReader::readCode (5089 bytes)
Event: 8.668 Thread 0x00000013762a9800 1249       1       org.eclipse.jdt.launching.internal.org.objectweb.asm.ClassReader::readShort (27 bytes)
Event: 8.669 Thread 0x00000013762a9800 nmethod 1249 0x0000001362fccd90 code [0x0000001362fccf40, 0x0000001362fcd0b8]
Event: 8.671 Thread 0x00000013762a9800 1250       1       java.lang.String::isEmpty (14 bytes)
Event: 8.671 Thread 0x00000013762a9800 nmethod 1250 0x0000001362fcd190 code [0x0000001362fcd340, 0x0000001362fcd478]

GC Heap History (8 events):
Event: 4.385 GC heap before
{Heap before GC invocations=0 (full 0):
 garbage-first heap   total 63488K, used 7168K [0x00000000c2000000, 0x0000000100000000)
  region size 1024K, 7 young (7168K), 0 survivors (0K)
 Metaspace       used 5897K, capacity 5935K, committed 6272K, reserved 1056768K
  class space    used 517K, capacity 534K, committed 640K, reserved 1048576K
}
Event: 4.467 GC heap after
{Heap after GC invocations=1 (full 0):
 garbage-first heap   total 63488K, used 5921K [0x00000000c2000000, 0x0000000100000000)
  region size 1024K, 1 young (1024K), 1 survivors (1024K)
 Metaspace       used 5897K, capacity 5935K, committed 6272K, reserved 1056768K
  class space    used 517K, capacity 534K, committed 640K, reserved 1048576K
}
Event: 4.748 GC heap before
{Heap before GC invocations=1 (full 0):
 garbage-first heap   total 63488K, used 8993K [0x00000000c2000000, 0x0000000100000000)
  region size 1024K, 5 young (5120K), 1 survivors (1024K)
 Metaspace       used 5897K, capacity 5935K, committed 6272K, reserved 1056768K
  class space    used 517K, capacity 534K, committed 640K, reserved 1048576K
}
Event: 4.755 GC heap after
{Heap after GC invocations=2 (full 0):
 garbage-first heap   total 63488K, used 9687K [0x00000000c2000000, 0x0000000100000000)
  region size 1024K, 1 young (1024K), 1 survivors (1024K)
 Metaspace       used 5897K, capacity 5935K, committed 6272K, reserved 1056768K
  class space    used 517K, capacity 534K, committed 640K, reserved 1048576K
}
Event: 5.102 GC heap before
{Heap before GC invocations=2 (full 0):
 garbage-first heap   total 63488K, used 16855K [0x00000000c2000000, 0x0000000100000000)
  region size 1024K, 9 young (9216K), 1 survivors (1024K)
 Metaspace       used 5897K, capacity 5935K, committed 6272K, reserved 1056768K
  class space    used 517K, capacity 534K, committed 640K, reserved 1048576K
}
Event: 5.115 GC heap after
{Heap after GC invocations=3 (full 0):
 garbage-first heap   total 63488K, used 17333K [0x00000000c2000000, 0x0000000100000000)
  region size 1024K, 2 young (2048K), 2 survivors (2048K)
 Metaspace       used 5897K, capacity 5935K, committed 6272K, reserved 1056768K
  class space    used 517K, capacity 534K, committed 640K, reserved 1048576K
}
Event: 8.170 GC heap before
{Heap before GC invocations=3 (full 0):
 garbage-first heap   total 63488K, used 27573K [0x00000000c2000000, 0x0000000100000000)
  region size 1024K, 12 young (12288K), 2 survivors (2048K)
 Metaspace       used 12994K, capacity 13237K, committed 13568K, reserved 1060864K
  class space    used 1343K, capacity 1434K, committed 1536K, reserved 1048576K
}
Event: 8.179 GC heap after
{Heap after GC invocations=4 (full 0):
 garbage-first heap   total 63488K, used 19317K [0x00000000c2000000, 0x0000000100000000)
  region size 1024K, 2 young (2048K), 2 survivors (2048K)
 Metaspace       used 12994K, capacity 13237K, committed 13568K, reserved 1060864K
  class space    used 1343K, capacity 1434K, committed 1536K, reserved 1048576K
}

Deoptimization events (0 events):
No events

Classes redefined (0 events):
No events

Internal exceptions (10 events):
Event: 6.820 Thread 0x000000135a492800 Exception <a 'java/lang/NoSuchMethodError'{0x00000000c56bc2c8}: java.lang.invoke.DirectMethodHandle$Holder.invokeSpecialIFC(Ljava/lang/Object;Ljava/lang/Object;Ljava/lang/Object;)I> (0x00000000c56bc2c8) thrown at [t:/workspace/open/src/hotspot/share/inter
Event: 6.886 Thread 0x000000135a492800 Exception <a 'java/lang/NoSuchMethodError'{0x00000000c553c770}: java.lang.invoke.DirectMethodHandle$Holder.invokeStatic(Ljava/lang/Object;IIII)Ljava/lang/Object;> (0x00000000c553c770) thrown at [t:/workspace/open/src/hotspot/share/interpreter/linkResolver
Event: 6.887 Thread 0x000000135a492800 Exception <a 'java/lang/NoSuchMethodError'{0x00000000c553f888}: java.lang.invoke.DirectMethodHandle$Holder.invokeStaticInit(Ljava/lang/Object;IIII)Ljava/lang/Object;> (0x00000000c553f888) thrown at [t:/workspace/open/src/hotspot/share/interpreter/linkReso
Event: 7.952 Thread 0x000000135a492800 Exception <a 'java/lang/NoSuchMethodError'{0x00000000c5574300}: java.lang.invoke.DirectMethodHandle$Holder.invokeStatic(Ljava/lang/Object;Ljava/lang/Object;IIII)Ljava/lang/Object;> (0x00000000c5574300) thrown at [t:/workspace/open/src/hotspot/share/interp
Event: 7.953 Thread 0x000000135a492800 Exception <a 'java/lang/NoSuchMethodError'{0x00000000c5577648}: java.lang.invoke.DirectMethodHandle$Holder.invokeStaticInit(Ljava/lang/Object;Ljava/lang/Object;IIII)Ljava/lang/Object;> (0x00000000c5577648) thrown at [t:/workspace/open/src/hotspot/share/in
Event: 7.974 Thread 0x000000135a492800 Exception <a 'java/lang/ClassNotFoundException'{0x00000000c55b1ab8}: javax/management/remote/rmi/RMIServerImpl_Skel> (0x00000000c55b1ab8) thrown at [t:/workspace/open/src/hotspot/share/classfile/systemDictionary.cpp, line 231]
Event: 8.468 Thread 0x000000135a492800 Exception <a 'java/lang/ClassNotFoundException'{0x00000000c5b6f0a0}: jdk/internal/agent/resources/spi/agentProvider> (0x00000000c5b6f0a0) thrown at [t:/workspace/open/src/hotspot/share/classfile/systemDictionary.cpp, line 231]
Event: 8.517 Thread 0x000000135a492800 Exception <a 'java/lang/NoSuchMethodError'{0x00000000c5bcc980}: java.lang.invoke.DirectMethodHandle$Holder.invokeStatic(Ljava/lang/Object;Ljava/lang/Object;Ljava/lang/Object;Ljava/lang/Object;Ljava/lang/Object;Ljava/lang/Object;Ljava/lang/Object;Ljava/lan
Event: 8.522 Thread 0x000000135a492800 Exception <a 'java/lang/NoSuchMethodError'{0x00000000c5bda828}: java.lang.invoke.DirectMethodHandle$Holder.invokeStatic(Ljava/lang/Object;Ljava/lang/Object;Ljava/lang/Object;Ljava/lang/Object;Ljava/lang/Object;Ljava/lang/Object;Ljava/lang/Object;Ljava/lan
Event: 8.529 Thread 0x000000135a492800 Exception <a 'java/lang/NoSuchMethodError'{0x00000000c5bf57e0}: java.lang.invoke.DelegatingMethodHandle$Holder.reinvoke_L(Ljava/lang/Object;ILjava/lang/Object;)Ljava/lang/Object;> (0x00000000c5bf57e0) thrown at [t:/workspace/open/src/hotspot/share/interpr

Events (10 events):
Event: 8.653 loading class org/apache/logging/log4j/Logger
Event: 8.653 loading class org/apache/logging/log4j/Logger done
Event: 8.663 loading class org/apache/logging/slf4j/SLF4JProvider
Event: 8.663 loading class org/apache/logging/slf4j/SLF4JProvider done
Event: 8.667 loading class org/apache/logging/log4j/spi/Provider
Event: 8.667 loading class org/apache/logging/log4j/spi/Provider done
Event: 8.670 loading class org/slf4j/spi/LocationAwareLogger
Event: 8.670 loading class org/slf4j/spi/LocationAwareLogger done
Event: 8.671 loading class org/slf4j/Logger
Event: 8.671 loading class org/slf4j/Logger done


Dynamic libraries:
0x00007ff688100000 - 0x00007ff688147000 	C:\Program Files\Java\jdk-11.0.4\bin\javaw.exe
0x00007ff9d6c60000 - 0x00007ff9d6e22000 	C:\WINDOWS\SYSTEM32\ntdll.dll
0x00007ff9d5fe0000 - 0x00007ff9d608d000 	C:\WINDOWS\system32\KERNEL32.DLL
0x00007ff9c7f70000 - 0x00007ff9c7f83000 	C:\Program Files\AVAST Software\Avast\aswhook.dll
0x00007ff9d3b00000 - 0x00007ff9d3cdd000 	C:\WINDOWS\system32\KERNELBASE.dll
0x00007ff9d61e0000 - 0x00007ff9d6286000 	C:\WINDOWS\system32\ADVAPI32.dll
0x00007ff9d69a0000 - 0x00007ff9d6a3d000 	C:\WINDOWS\system32\msvcrt.dll
0x00007ff9d59e0000 - 0x00007ff9d5a3b000 	C:\WINDOWS\system32\sechost.dll
0x00007ff9d58b0000 - 0x00007ff9d59d6000 	C:\WINDOWS\system32\RPCRT4.dll
0x00007ff9d6400000 - 0x00007ff9d654e000 	C:\WINDOWS\system32\USER32.dll
0x00007ff9d6a70000 - 0x00007ff9d6bf5000 	C:\WINDOWS\system32\GDI32.dll
0x00007ff9c22f0000 - 0x00007ff9c2564000 	C:\WINDOWS\WinSxS\amd64_microsoft.windows.common-controls_6595b64144ccf1df_6.0.10240.16384_none_f41f7b285750ef43\COMCTL32.dll
0x00007ff9d0b60000 - 0x00007ff9d0b6a000 	C:\WINDOWS\SYSTEM32\VERSION.dll
0x00007ff9d5af0000 - 0x00007ff9d5b26000 	C:\WINDOWS\system32\IMM32.DLL
0x00007ff9d5b30000 - 0x00007ff9d5c8c000 	C:\WINDOWS\system32\MSCTF.dll
0x00007ff9cb250000 - 0x00007ff9cb266000 	C:\Program Files\Java\jdk-11.0.4\bin\vcruntime140.dll
0x00007ff9cdfd0000 - 0x00007ff9ce0c2000 	C:\WINDOWS\SYSTEM32\ucrtbase.dll
0x00007ff9cb1a0000 - 0x00007ff9cb24a000 	C:\Program Files\Java\jdk-11.0.4\bin\msvcp140.dll
0x00007ff9a1210000 - 0x00007ff9a1d37000 	C:\Program Files\Java\jdk-11.0.4\bin\server\jvm.dll
0x00007ff9d4310000 - 0x00007ff9d4318000 	C:\WINDOWS\system32\PSAPI.DLL
0x00007ff9ce400000 - 0x00007ff9ce409000 	C:\WINDOWS\SYSTEM32\WSOCK32.dll
0x00007ff9d6300000 - 0x00007ff9d6369000 	C:\WINDOWS\system32\WS2_32.dll
0x00007ff9d6370000 - 0x00007ff9d6378000 	C:\WINDOWS\system32\NSI.dll
0x00007ff9d0b30000 - 0x00007ff9d0b53000 	C:\WINDOWS\SYSTEM32\WINMM.dll
0x00007ff9d0b00000 - 0x00007ff9d0b2c000 	C:\WINDOWS\SYSTEM32\WINMMBASE.dll
0x00007ff9d3ab0000 - 0x00007ff9d3af4000 	C:\WINDOWS\system32\cfgmgr32.dll
0x00007ff9d1f40000 - 0x00007ff9d1f67000 	C:\WINDOWS\SYSTEM32\DEVOBJ.dll
0x00007ff9d3700000 - 0x00007ff9d370f000 	C:\WINDOWS\system32\kernel.appcore.dll
0x00007ff9cb120000 - 0x00007ff9cb131000 	C:\Program Files\Java\jdk-11.0.4\bin\verify.dll
0x00007ff9cef60000 - 0x00007ff9cf0ea000 	C:\WINDOWS\SYSTEM32\DBGHELP.DLL
0x00007ff9cef30000 - 0x00007ff9cef55000 	C:\WINDOWS\SYSTEM32\dbgcore.DLL
0x00007ff9cb060000 - 0x00007ff9cb089000 	C:\Program Files\Java\jdk-11.0.4\bin\java.dll
0x00007ff9c8020000 - 0x00007ff9c8057000 	C:\Program Files\Java\jdk-11.0.4\bin\jdwp.dll
0x00007ff9c6060000 - 0x00007ff9c608f000 	C:\Program Files\Java\jdk-11.0.4\bin\instrument.dll
0x00007ff9cb100000 - 0x00007ff9cb116000 	C:\Program Files\Java\jdk-11.0.4\bin\zip.dll
0x00007ff9d1970000 - 0x00007ff9d197a000 	C:\Program Files\Java\jdk-11.0.4\bin\jimage.dll
0x00007ff9d4380000 - 0x00007ff9d58a5000 	C:\WINDOWS\system32\SHELL32.dll
0x00007ff9d3ce0000 - 0x00007ff9d4308000 	C:\WINDOWS\system32\windows.storage.dll
0x00007ff9d6550000 - 0x00007ff9d67cc000 	C:\WINDOWS\system32\combase.dll
0x00007ff9d4320000 - 0x00007ff9d4371000 	C:\WINDOWS\system32\shlwapi.dll
0x00007ff9d39f0000 - 0x00007ff9d3aa3000 	C:\WINDOWS\system32\shcore.dll
0x00007ff9d3670000 - 0x00007ff9d36ba000 	C:\WINDOWS\system32\powrprof.dll
0x00007ff9d36e0000 - 0x00007ff9d36f3000 	C:\WINDOWS\system32\profapi.dll
0x00007ff9cf740000 - 0x00007ff9cf74a000 	C:\Program Files\Java\jdk-11.0.4\bin\dt_socket.dll
0x00007ff9d2e80000 - 0x00007ff9d2edd000 	C:\WINDOWS\System32\mswsock.dll
0x00007ff9d2c20000 - 0x00007ff9d2cc8000 	C:\WINDOWS\SYSTEM32\DNSAPI.dll
0x00007ff9cc5b0000 - 0x00007ff9cc618000 	C:\WINDOWS\System32\fwpuclnt.dll
0x00007ff9d35b0000 - 0x00007ff9d35d8000 	C:\WINDOWS\SYSTEM32\bcrypt.dll
0x00007ff9c8580000 - 0x00007ff9c858a000 	C:\Windows\System32\rasadhlp.dll
0x00007ff9cb040000 - 0x00007ff9cb059000 	C:\Program Files\Java\jdk-11.0.4\bin\net.dll
0x00007ff9ce410000 - 0x00007ff9ce4e6000 	C:\WINDOWS\SYSTEM32\WINHTTP.dll
0x00007ff9c3df0000 - 0x00007ff9c3f87000 	C:\WINDOWS\SYSTEM32\urlmon.dll
0x00007ff9cbf80000 - 0x00007ff9cc2f6000 	C:\WINDOWS\SYSTEM32\iertutil.dll
0x00007ff9d3050000 - 0x00007ff9d305b000 	C:\WINDOWS\SYSTEM32\CRYPTBASE.dll
0x00007ff9d3430000 - 0x00007ff9d349b000 	C:\WINDOWS\SYSTEM32\bcryptPrimitives.dll
0x00007ff9cb020000 - 0x00007ff9cb033000 	C:\Program Files\Java\jdk-11.0.4\bin\nio.dll
0x00007ff9cd630000 - 0x00007ff9cd639000 	C:\Program Files\Java\jdk-11.0.4\bin\management.dll
0x00007ff9cd0c0000 - 0x00007ff9cd0cc000 	C:\Program Files\Java\jdk-11.0.4\bin\management_ext.dll
0x00007ff9c6ca0000 - 0x00007ff9c6cb5000 	C:\WINDOWS\system32\napinsp.dll
0x00007ff9c71e0000 - 0x00007ff9c71fa000 	C:\WINDOWS\system32\pnrpnsp.dll
0x00007ff9d1580000 - 0x00007ff9d1598000 	C:\WINDOWS\system32\NLAapi.dll
0x00007ff9c69a0000 - 0x00007ff9c69ad000 	C:\WINDOWS\System32\winrnr.dll
0x00007ff9cebb0000 - 0x00007ff9cebe8000 	C:\WINDOWS\SYSTEM32\IPHLPAPI.DLL
0x00007ff9cf450000 - 0x00007ff9cf45b000 	C:\WINDOWS\SYSTEM32\WINNSI.DLL
0x00007ff9d2ee0000 - 0x00007ff9d2ef7000 	C:\WINDOWS\SYSTEM32\CRYPTSP.dll
0x00007ff9d2b30000 - 0x00007ff9d2b63000 	C:\WINDOWS\system32\rsaenh.dll
0x00007ff9d2d10000 - 0x00007ff9d2d2f000 	C:\WINDOWS\SYSTEM32\USERENV.dll
0x00007ff9ce950000 - 0x00007ff9ce966000 	C:\WINDOWS\SYSTEM32\dhcpcsvc6.DLL
0x00007ff9ce8f0000 - 0x00007ff9ce90a000 	C:\WINDOWS\SYSTEM32\dhcpcsvc.DLL

dbghelp: loaded successfully - version: 4.0.5 - missing functions: none
symbol engine: initialized successfully - sym options: 0x614 - pdb path: .;C:\Program Files\Java\jdk-11.0.4\bin;C:\WINDOWS\SYSTEM32;C:\Program Files\AVAST Software\Avast;C:\WINDOWS\WinSxS\amd64_microsoft.windows.common-controls_6595b64144ccf1df_6.0.10240.16384_none_f41f7b285750ef43;C:\Program Files\Java\jdk-11.0.4\bin\server

VM Arguments:
jvm_args: -agentlib:jdwp=transport=dt_socket,suspend=y,address=localhost:55523 -Dcom.sun.management.jmxremote -Dcom.sun.management.jmxremote.port=55517 -Dcom.sun.management.jmxremote.authenticate=false -Dcom.sun.management.jmxremote.ssl=false -Djava.rmi.server.hostname=localhost -Dspring.jmx.enabled=true -Dspring.application.admin.enabled=true -Xverify:none -XX:TieredStopAtLevel=1 -Dspring.boot.project.name=spring-boot-ionic-backend -javaagent:C:\sts-4.6.0.RELEASE\configuration\org.eclipse.osgi\245\0\.cp\lib\javaagent-shaded.jar -Dfile.encoding=UTF-8 
java_command: com.isaquelourenco.cursomc.CursomcApplication --spring.output.ansi.enabled=always
java_class_path (initial): C:\workspace-java\ws-sts\spring-boot-ionic-backend\target\classes;C:\Users\daSalaWin7\.m2\repository\org\springframework\boot\spring-boot-starter-web\2.2.6.RELEASE\spring-boot-starter-web-2.2.6.RELEASE.jar;C:\Users\daSalaWin7\.m2\repository\org\springframework\boot\spring-boot-starter\2.2.6.RELEASE\spring-boot-starter-2.2.6.RELEASE.jar;C:\Users\daSalaWin7\.m2\repository\org\springframework\boot\spring-boot-starter-logging\2.2.6.RELEASE\spring-boot-starter-logging-2.2.6.RELEASE.jar;C:\Users\daSalaWin7\.m2\repository\ch\qos\logback\logback-classic\1.2.3\logback-classic-1.2.3.jar;C:\Users\daSalaWin7\.m2\repository\ch\qos\logback\logback-core\1.2.3\logback-core-1.2.3.jar;C:\Users\daSalaWin7\.m2\repository\org\apache\logging\log4j\log4j-to-slf4j\2.12.1\log4j-to-slf4j-2.12.1.jar;C:\Users\daSalaWin7\.m2\repository\org\apache\logging\log4j\log4j-api\2.12.1\log4j-api-2.12.1.jar;C:\Users\daSalaWin7\.m2\repository\org\slf4j\jul-to-slf4j\1.7.30\jul-to-slf4j-1.7.30.jar;C:\Users\daSalaWin7\.m2\repository\jakarta\annotation\jakarta.annotation-api\1.3.5\jakarta.annotation-api-1.3.5.jar;C:\Users\daSalaWin7\.m2\repository\org\yaml\snakeyaml\1.25\snakeyaml-1.25.jar;C:\Users\daSalaWin7\.m2\repository\org\springframework\boot\spring-boot-starter-json\2.2.6.RELEASE\spring-boot-starter-json-2.2.6.RELEASE.jar;C:\Users\daSalaWin7\.m2\repository\com\fasterxml\jackson\datatype\jackson-datatype-jdk8\2.10.3\jackson-datatype-jdk8-2.10.3.jar;C:\Users\daSalaWin7\.m2\repository\com\fasterxml\jackson\datatype\jackson-datatype-jsr310\2.10.3\jackson-datatype-jsr310-2.10.3.jar;C:\Users\daSalaWin7\.m2\repository\com\fasterxml\jackson\module\jackson-module-parameter-names\2.10.3\jackson-module-parameter-names-2.10.3.jar;C:\Users\daSalaWin7\.m2\repository\org\springframework\boot\spring-boot-starter-tomcat\2.2.6.RELEASE\spring-boot-starter-tomcat-2.2.6.RELEASE.jar;C:\Users\daSalaWin7\.m2\repository\org\apache\tomcat\embed\tomcat-embed-core\9.0.33\tomcat-embed-core-9.0.33.jar;C
Launcher Type: SUN_STANDARD

[Global flags]
     bool BytecodeVerificationLocal                = false                                     {product} {command line}
     bool BytecodeVerificationRemote               = false                                     {product} {command line}
     intx CICompilerCount                          = 2                                         {product} {ergonomic}
     uint ConcGCThreads                            = 1                                         {product} {ergonomic}
     uint G1ConcRefinementThreads                  = 2                                         {product} {ergonomic}
   size_t G1HeapRegionSize                         = 1048576                                   {product} {ergonomic}
    uintx GCDrainStackTargetSize                   = 64                                        {product} {ergonomic}
   size_t InitialHeapSize                          = 65011712                                  {product} {ergonomic}
     bool ManagementServer                         = true                                      {product} {command line}
   size_t MarkStackSize                            = 4194304                                   {product} {ergonomic}
   size_t MaxHeapSize                              = 1040187392                                {product} {ergonomic}
   size_t MaxNewSize                               = 623902720                                 {product} {ergonomic}
   size_t MinHeapDeltaBytes                        = 1048576                                   {product} {ergonomic}
    uintx NonNMethodCodeHeapSize                   = 6396312                                {pd product} {ergonomic}
    uintx NonProfiledCodeHeapSize                  = 245261928                              {pd product} {ergonomic}
    uintx ProfiledCodeHeapSize                     = 0                                      {pd product} {ergonomic}
    uintx ReservedCodeCacheSize                    = 251658240                              {pd product} {ergonomic}
     bool SegmentedCodeCache                       = true                                      {product} {ergonomic}
     intx TieredStopAtLevel                        = 1                                         {product} {command line}
     bool UseCompressedClassPointers               = true                                 {lp64_product} {ergonomic}
     bool UseCompressedOops                        = true                                 {lp64_product} {ergonomic}
     bool UseG1GC                                  = true                                      {product} {ergonomic}
     bool UseLargePagesIndividualAllocation        = false                                  {pd product} {ergonomic}

Logging:
Log output configuration:
 #0: stdout all=warning uptime,level,tags
 #1: stderr all=off uptime,level,tags

Environment Variables:
JAVA_HOME=C:\Program Files\Java\jdk-11.0.4
PATH=C:/Program Files/Java/jdk-11.0.4/bin/server;C:/Program Files/Java/jdk-11.0.4/bin;C:\Program Files\Java\jdk-11.0.4\bin;C:\WINDOWS\system32;C:\WINDOWS;C:\WINDOWS\System32\Wbem;C:\WINDOWS\System32\WindowsPowerShell\v1.0\;C:\Program Files (x86)\ATI Technologies\ATI.ACE\Core-Static;C:\Program Files\Git\cmd;C:\Program Files\MySQL\MySQL Shell 8.0\bin\;C:\Users\daSalaWin7\AppData\Local\Programs\Python\Python37\Scripts\;C:\Users\daSalaWin7\AppData\Local\Programs\Python\Python37\;C:\Program Files\heroku\bin;C:\xampp\mysql\bin;C:\Users\daSalaWin7\AppData\Local\Programs\Microsoft VS Code\bin;C:\sts-4.6.0.RELEASE;
USERNAME=daSalaWin7
OS=Windows_NT
PROCESSOR_IDENTIFIER=Intel64 Family 6 Model 23 Stepping 10, GenuineIntel



---------------  S Y S T E M  ---------------

OS: Windows 10 , 64 bit Build 10240 (10.0.10240.16384)

CPU:total 2 (initial active 2) (2 cores per cpu, 1 threads per core) family 6 model 23 stepping 10, cmov, cx8, fxsr, mmx, sse, sse2, sse3, ssse3, tsc

Memory: 4k page, system-wide physical 3965M (261M free)
TotalPageFile size 7947M (AvailPageFile size 1850M)
current process WorkingSet (physical memory assigned to process): 83M, peak: 83M
current process commit charge ("private bytes"): 150M, peak: 150M

vm_info: Java HotSpot(TM) 64-Bit Server VM (11.0.4+10-LTS) for windows-amd64 JRE (11.0.4+10-LTS), built on Jul  4 2019 16:28:13 by "mach5one" with MS VC++ 15.5 (VS2017)

END.
